<?xml version="1.0" encoding="UTF-8"?>
<testsuite xmlns:xsi="http://www.w3.org/2001/XMLSchema-instance" xsi:noNamespaceSchemaLocation="https://maven.apache.org/surefire/maven-surefire-plugin/xsd/surefire-test-report-3.0.xsd" version="3.0" name="karate.KarateRunner" time="1.661" tests="1" errors="0" skipped="0" failures="1">
  <properties>
[...]
</properties>
  <testcase name="[1:6] Get all invoices" classname="karate/invoices" time="1.382">
    <failure type="org.opentest4j.AssertionFailedError"><![CDATA[org.opentest4j.AssertionFailedError: 
>> classpath:karate/invoices.feature:6
>> karate-config.js failed
>> http call failed after 72 milliseconds for url: 
classpath:karate/okta-auth.feature:12
js failed:
>>>>
01: function fn() {
02:   var config = {
03:       baseUrl: 'https://invoices-rpis.finance-test.cfadevelop.com/',
04:       apiEnvironment: 'dev',
05:       oktaScopes: 'fcr-api:read-invoice-suppliers fcr-api:publish-invoice-supplier-entity-types fcr-api:publish-invoice-suppliers'
06:   };
07: 
08:   karate.log('Initial config:', config);
09: 
10:   function execCommand(command) {
11:       var proc = java.lang.Runtime.getRuntime().exec(command);
12:       proc.waitFor();
13:       var reader = new java.io.BufferedReader(new java.io.InputStreamReader(proc.getInputStream()));
14:       var line = '';
15:       var output = '';
16:       while ((line = reader.readLine()) != null) {
17:           output += line;
18:       }
19:       return output;
20:   }
21: 
22:   var secretName = config.apiEnvironment + '-ots-rpis-xp-api-okta';
23:   var command = 'aws secretsmanager get-secret-value --secret-id ' + secretName + ' --query SecretString --output text';
24:   karate.log('Executing command:', command);
25: 
26:   var oktaCredsJson = execCommand(command);
27:   karate.log('Okta credentials JSON:', oktaCredsJson);
28: 
29:   if (!oktaCredsJson) {
30:       karate.log('Failed to retrieve Okta secrets from Secrets Manager');
31:       throw 'Failed to retrieve Okta secrets';
32:   }
33: 
34:   var oktaCreds = JSON.parse(oktaCredsJson);
35:   karate.log('Parsed Okta credentials:', oktaCreds);
36: 
37:   var oktaClientId = oktaCreds['okta-client-id'];
38:   var oktaClientSecret = oktaCreds['okta-client-secret'];
39:   var oktaTokenUrl = oktaCreds['okta-token-url'];
40: 
41:   var basicAuth = java.util.Base64.getEncoder().encodeToString((oktaClientId + ':' + oktaClientSecret).getBytes('utf-8'));
42:   karate.log('Basic Auth header:', basicAuth);
43: 
44:   var tokenResponse = karate.call('classpath:karate/okta-auth.feature', {
45:       basicAuth: basicAuth,
46:       oktaTokenUrl: oktaTokenUrl,
47:       oktaScopes: config.oktaScopes
48:   });
49:   karate.log('Token response:', tokenResponse);
50: 
51:   if (!tokenResponse || !tokenResponse.access_token) {
52:       karate.log('Failed to get access token from Okta');
53:       throw 'Failed to get access token from Okta';
54:   }
55: 
56:   config.accessToken = tokenResponse.access_token;
57:   karate.log('Access token:', config.accessToken);
58: 
59:   karate.configure('httpClientInstance', { readTimeout: 60000 });
60: 
61:   return config;
62: }
<<<<
org.graalvm.polyglot.PolyglotException: http call failed after 72 milliseconds for url: 
classpath:karate/okta-auth.feature:12
- com.intuit.karate.core.FeatureResult.getErrorMessagesCombined(FeatureResult.java:215)
- com.intuit.karate.core.ScenarioEngine.callFeature(ScenarioEngine.java:1951)
- com.intuit.karate.core.ScenarioEngine.call(ScenarioEngine.java:1849)
- com.intuit.karate.core.ScenarioBridge.call(ScenarioBridge.java:163)
- com.intuit.karate.core.ScenarioBridge.call(ScenarioBridge.java:153)
- <js>.fn(Unnamed:44)

classpath:karate/invoices.feature:4
classpath:karate/invoices.feature:7
classpath:karate/invoices.feature:8
classpath:karate/invoices.feature:9
classpath:karate/invoices.feature:10
classpath:karate/invoices.feature:11
classpath:karate/invoices.feature:12
classpath:karate/invoices.feature:13
classpath:karate/invoices.feature:14
]]></failure>
    <system-out><![CDATA[14:07:58.973 [main] DEBUG com.intuit.karate.Suite - [config] classpath:karate-config.js
14:07:59.259 [main] INFO com.intuit.karate - Initial config: {
  "baseUrl": "https://invoices-rpis.finance-test.cfadevelop.com/",
  "apiEnvironment": "dev",
  "oktaScopes": "fcr-api:read-invoice-suppliers fcr-api:publish-invoice-supplier-entity-types fcr-api:publish-invoice-suppliers"
}
 
14:07:59.270 [main] INFO com.intuit.karate - Executing command: aws secretsmanager get-secret-value --secret-id dev-ots-rpis-xp-api-okta --query SecretString --output text 
14:07:59.893 [main] INFO com.intuit.karate - Okta credentials JSON: {"okta-client-id":"0oa1opcdcvgQ4unhU0h8","okta-client-secret":"6YYxl21uP_1HBwvg0pyqMgGXUIIJIVpMvrty5yj38-32gQTlTdk5IU-HVVhh3NZq"} 
14:07:59.896 [main] INFO com.intuit.karate - Parsed Okta credentials: {
  "okta-client-id": "0oa1opcdcvgQ4unhU0h8",
  "okta-client-secret": "6YYxl21uP_1HBwvg0pyqMgGXUIIJIVpMvrty5yj38-32gQTlTdk5IU-HVVhh3NZq"
}
 
14:07:59.900 [main] INFO com.intuit.karate - Basic Auth header: MG9hMW9wY2RjdmdRNHVuaFUwaDg6NllZeGwyMXVQXzFIQnd2ZzBweXFNZ0dYVUlJSklWcE12cnR5NXlqMzgtMzJnUVRsVGRrNUlVLUhWVmhoM05acQ== 
14:07:59.913 [main] DEBUG com.intuit.karate.core.ScenarioEngine - over-writing existing variable 'basicAuth' with new value: karate.properties['basicAuth']
14:07:59.917 [main] DEBUG com.intuit.karate.core.ScenarioEngine - over-writing existing variable 'oktaTokenUrl' with new value: karate.properties['oktaTokenUrl']
14:07:59.917 [main] DEBUG com.intuit.karate.core.ScenarioEngine - over-writing existing variable 'oktaScopes' with new value: karate.properties['oktaScopes']
14:07:59.923 [main] DEBUG com.jayway.jsonpath.internal.path.CompiledPath - Evaluating path: $
14:07:59.936 [main] DEBUG io.netty.util.internal.logging.InternalLoggerFactory - Using SLF4J as the default logging framework
14:07:59.937 [main] DEBUG io.netty.util.internal.PlatformDependent0 - -Dio.netty.noUnsafe: false
14:07:59.937 [main] DEBUG io.netty.util.internal.PlatformDependent0 - Java version: 19
14:07:59.937 [main] DEBUG io.netty.util.internal.PlatformDependent0 - sun.misc.Unsafe.theUnsafe: available
14:07:59.937 [main] DEBUG io.netty.util.internal.PlatformDependent0 - sun.misc.Unsafe.copyMemory: available
14:07:59.938 [main] DEBUG io.netty.util.internal.PlatformDependent0 - java.nio.Buffer.address: available
14:07:59.938 [main] DEBUG io.netty.util.internal.PlatformDependent0 - direct buffer constructor: unavailable: Reflective setAccessible(true) disabled
14:07:59.938 [main] DEBUG io.netty.util.internal.PlatformDependent0 - java.nio.Bits.unaligned: available, true
14:07:59.938 [main] DEBUG io.netty.util.internal.PlatformDependent0 - jdk.internal.misc.Unsafe.allocateUninitializedArray(int): unavailable: class io.netty.util.internal.PlatformDependent0$6 cannot access class jdk.internal.misc.Unsafe (in module java.base) because module java.base does not export jdk.internal.misc to unnamed module @5cc73178
14:07:59.939 [main] DEBUG io.netty.util.internal.PlatformDependent0 - java.nio.DirectByteBuffer.<init>(long, int): unavailable
14:07:59.939 [main] DEBUG io.netty.util.internal.PlatformDependent - sun.misc.Unsafe: available
14:07:59.940 [main] DEBUG io.netty.util.internal.PlatformDependent - maxDirectMemory: 8589934592 bytes (maybe)
14:07:59.940 [main] DEBUG io.netty.util.internal.PlatformDependent - -Dio.netty.tmpdir: /var/folders/w8/lzwz81rj355ck3ghlr6fw6b00000gp/T (java.io.tmpdir)
14:07:59.940 [main] DEBUG io.netty.util.internal.PlatformDependent - -Dio.netty.bitMode: 64 (sun.arch.data.model)
14:07:59.940 [main] DEBUG io.netty.util.internal.PlatformDependent - Platform: MacOS
14:07:59.941 [main] DEBUG io.netty.util.internal.PlatformDependent - -Dio.netty.maxDirectMemory: -1 bytes
14:07:59.941 [main] DEBUG io.netty.util.internal.PlatformDependent - -Dio.netty.uninitializedArrayAllocationThreshold: -1
14:07:59.941 [main] DEBUG io.netty.util.internal.CleanerJava9 - java.nio.ByteBuffer.cleaner(): available
14:07:59.941 [main] DEBUG io.netty.util.internal.PlatformDependent - -Dio.netty.noPreferDirect: false
14:08:00.014 [main] ERROR com.intuit.karate - org.apache.http.ProtocolException: Target host is not specified, http call failed after 72 milliseconds for url: 
14:08:00.014 [main] ERROR com.intuit.karate - classpath:karate/okta-auth.feature:12
When method POST
http call failed after 72 milliseconds for url: 
classpath:karate/okta-auth.feature:12
14:08:00.018 [main] ERROR com.intuit.karate - classpath:karate/invoices.feature:4
* url karate.config.baseUrl
>> classpath:karate/invoices.feature:6
>> karate-config.js failed
>> http call failed after 72 milliseconds for url: 
classpath:karate/okta-auth.feature:12
js failed:
>>>>
01: function fn() {
02:   var config = {
03:       baseUrl: 'https://invoices-rpis.finance-test.cfadevelop.com/',
04:       apiEnvironment: 'dev',
05:       oktaScopes: 'fcr-api:read-invoice-suppliers fcr-api:publish-invoice-supplier-entity-types fcr-api:publish-invoice-suppliers'
06:   };
07: 
08:   karate.log('Initial config:', config);
09: 
10:   function execCommand(command) {
11:       var proc = java.lang.Runtime.getRuntime().exec(command);
12:       proc.waitFor();
13:       var reader = new java.io.BufferedReader(new java.io.InputStreamReader(proc.getInputStream()));
14:       var line = '';
15:       var output = '';
16:       while ((line = reader.readLine()) != null) {
17:           output += line;
18:       }
19:       return output;
20:   }
21: 
22:   var secretName = config.apiEnvironment + '-ots-rpis-xp-api-okta';
23:   var command = 'aws secretsmanager get-secret-value --secret-id ' + secretName + ' --query SecretString --output text';
24:   karate.log('Executing command:', command);
25: 
26:   var oktaCredsJson = execCommand(command);
27:   karate.log('Okta credentials JSON:', oktaCredsJson);
28: 
29:   if (!oktaCredsJson) {
30:       karate.log('Failed to retrieve Okta secrets from Secrets Manager');
31:       throw 'Failed to retrieve Okta secrets';
32:   }
33: 
34:   var oktaCreds = JSON.parse(oktaCredsJson);
35:   karate.log('Parsed Okta credentials:', oktaCreds);
36: 
37:   var oktaClientId = oktaCreds['okta-client-id'];
38:   var oktaClientSecret = oktaCreds['okta-client-secret'];
39:   var oktaTokenUrl = oktaCreds['okta-token-url'];
40: 
41:   var basicAuth = java.util.Base64.getEncoder().encodeToString((oktaClientId + ':' + oktaClientSecret).getBytes('utf-8'));
42:   karate.log('Basic Auth header:', basicAuth);
43: 
44:   var tokenResponse = karate.call('classpath:karate/okta-auth.feature', {
45:       basicAuth: basicAuth,
46:       oktaTokenUrl: oktaTokenUrl,
47:       oktaScopes: config.oktaScopes
48:   });
49:   karate.log('Token response:', tokenResponse);
50: 
51:   if (!tokenResponse || !tokenResponse.access_token) {
52:       karate.log('Failed to get access token from Okta');
53:       throw 'Failed to get access token from Okta';
54:   }
55: 
56:   config.accessToken = tokenResponse.access_token;
57:   karate.log('Access token:', config.accessToken);
58: 
59:   karate.configure('httpClientInstance', { readTimeout: 60000 });
60: 
61:   return config;
62: }
<<<<
org.graalvm.polyglot.PolyglotException: http call failed after 72 milliseconds for url: 
classpath:karate/okta-auth.feature:12
- com.intuit.karate.core.FeatureResult.getErrorMessagesCombined(FeatureResult.java:215)
- com.intuit.karate.core.ScenarioEngine.callFeature(ScenarioEngine.java:1951)
- com.intuit.karate.core.ScenarioEngine.call(ScenarioEngine.java:1849)
- com.intuit.karate.core.ScenarioBridge.call(ScenarioBridge.java:163)
- com.intuit.karate.core.ScenarioBridge.call(ScenarioBridge.java:153)
- <js>.fn(Unnamed:44)

classpath:karate/invoices.feature:4
14:08:00.019 [main] ERROR com.intuit.karate - classpath:karate/invoices.feature:7
Given path 'api/invoices'
>> classpath:karate/invoices.feature:6
>> karate-config.js failed
>> http call failed after 72 milliseconds for url: 
classpath:karate/okta-auth.feature:12
js failed:
>>>>
01: function fn() {
02:   var config = {
03:       baseUrl: 'https://invoices-rpis.finance-test.cfadevelop.com/',
04:       apiEnvironment: 'dev',
05:       oktaScopes: 'fcr-api:read-invoice-suppliers fcr-api:publish-invoice-supplier-entity-types fcr-api:publish-invoice-suppliers'
06:   };
07: 
08:   karate.log('Initial config:', config);
09: 
10:   function execCommand(command) {
11:       var proc = java.lang.Runtime.getRuntime().exec(command);
12:       proc.waitFor();
13:       var reader = new java.io.BufferedReader(new java.io.InputStreamReader(proc.getInputStream()));
14:       var line = '';
15:       var output = '';
16:       while ((line = reader.readLine()) != null) {
17:           output += line;
18:       }
19:       return output;
20:   }
21: 
22:   var secretName = config.apiEnvironment + '-ots-rpis-xp-api-okta';
23:   var command = 'aws secretsmanager get-secret-value --secret-id ' + secretName + ' --query SecretString --output text';
24:   karate.log('Executing command:', command);
25: 
26:   var oktaCredsJson = execCommand(command);
27:   karate.log('Okta credentials JSON:', oktaCredsJson);
28: 
29:   if (!oktaCredsJson) {
30:       karate.log('Failed to retrieve Okta secrets from Secrets Manager');
31:       throw 'Failed to retrieve Okta secrets';
32:   }
33: 
34:   var oktaCreds = JSON.parse(oktaCredsJson);
35:   karate.log('Parsed Okta credentials:', oktaCreds);
36: 
37:   var oktaClientId = oktaCreds['okta-client-id'];
38:   var oktaClientSecret = oktaCreds['okta-client-secret'];
39:   var oktaTokenUrl = oktaCreds['okta-token-url'];
40: 
41:   var basicAuth = java.util.Base64.getEncoder().encodeToString((oktaClientId + ':' + oktaClientSecret).getBytes('utf-8'));
42:   karate.log('Basic Auth header:', basicAuth);
43: 
44:   var tokenResponse = karate.call('classpath:karate/okta-auth.feature', {
45:       basicAuth: basicAuth,
46:       oktaTokenUrl: oktaTokenUrl,
47:       oktaScopes: config.oktaScopes
48:   });
49:   karate.log('Token response:', tokenResponse);
50: 
51:   if (!tokenResponse || !tokenResponse.access_token) {
52:       karate.log('Failed to get access token from Okta');
53:       throw 'Failed to get access token from Okta';
54:   }
55: 
56:   config.accessToken = tokenResponse.access_token;
57:   karate.log('Access token:', config.accessToken);
58: 
59:   karate.configure('httpClientInstance', { readTimeout: 60000 });
60: 
61:   return config;
62: }
<<<<
org.graalvm.polyglot.PolyglotException: http call failed after 72 milliseconds for url: 
classpath:karate/okta-auth.feature:12
- com.intuit.karate.core.FeatureResult.getErrorMessagesCombined(FeatureResult.java:215)
- com.intuit.karate.core.ScenarioEngine.callFeature(ScenarioEngine.java:1951)
- com.intuit.karate.core.ScenarioEngine.call(ScenarioEngine.java:1849)
- com.intuit.karate.core.ScenarioBridge.call(ScenarioBridge.java:163)
- com.intuit.karate.core.ScenarioBridge.call(ScenarioBridge.java:153)
- <js>.fn(Unnamed:44)

classpath:karate/invoices.feature:4
classpath:karate/invoices.feature:7
14:08:00.019 [main] ERROR com.intuit.karate - classpath:karate/invoices.feature:8
When method get
>> classpath:karate/invoices.feature:6
>> karate-config.js failed
>> http call failed after 72 milliseconds for url: 
classpath:karate/okta-auth.feature:12
js failed:
>>>>
01: function fn() {
02:   var config = {
03:       baseUrl: 'https://invoices-rpis.finance-test.cfadevelop.com/',
04:       apiEnvironment: 'dev',
05:       oktaScopes: 'fcr-api:read-invoice-suppliers fcr-api:publish-invoice-supplier-entity-types fcr-api:publish-invoice-suppliers'
06:   };
07: 
08:   karate.log('Initial config:', config);
09: 
10:   function execCommand(command) {
11:       var proc = java.lang.Runtime.getRuntime().exec(command);
12:       proc.waitFor();
13:       var reader = new java.io.BufferedReader(new java.io.InputStreamReader(proc.getInputStream()));
14:       var line = '';
15:       var output = '';
16:       while ((line = reader.readLine()) != null) {
17:           output += line;
18:       }
19:       return output;
20:   }
21: 
22:   var secretName = config.apiEnvironment + '-ots-rpis-xp-api-okta';
23:   var command = 'aws secretsmanager get-secret-value --secret-id ' + secretName + ' --query SecretString --output text';
24:   karate.log('Executing command:', command);
25: 
26:   var oktaCredsJson = execCommand(command);
27:   karate.log('Okta credentials JSON:', oktaCredsJson);
28: 
29:   if (!oktaCredsJson) {
30:       karate.log('Failed to retrieve Okta secrets from Secrets Manager');
31:       throw 'Failed to retrieve Okta secrets';
32:   }
33: 
34:   var oktaCreds = JSON.parse(oktaCredsJson);
35:   karate.log('Parsed Okta credentials:', oktaCreds);
36: 
37:   var oktaClientId = oktaCreds['okta-client-id'];
38:   var oktaClientSecret = oktaCreds['okta-client-secret'];
39:   var oktaTokenUrl = oktaCreds['okta-token-url'];
40: 
41:   var basicAuth = java.util.Base64.getEncoder().encodeToString((oktaClientId + ':' + oktaClientSecret).getBytes('utf-8'));
42:   karate.log('Basic Auth header:', basicAuth);
43: 
44:   var tokenResponse = karate.call('classpath:karate/okta-auth.feature', {
45:       basicAuth: basicAuth,
46:       oktaTokenUrl: oktaTokenUrl,
47:       oktaScopes: config.oktaScopes
48:   });
49:   karate.log('Token response:', tokenResponse);
50: 
51:   if (!tokenResponse || !tokenResponse.access_token) {
52:       karate.log('Failed to get access token from Okta');
53:       throw 'Failed to get access token from Okta';
54:   }
55: 
56:   config.accessToken = tokenResponse.access_token;
57:   karate.log('Access token:', config.accessToken);
58: 
59:   karate.configure('httpClientInstance', { readTimeout: 60000 });
60: 
61:   return config;
62: }
<<<<
org.graalvm.polyglot.PolyglotException: http call failed after 72 milliseconds for url: 
classpath:karate/okta-auth.feature:12
- com.intuit.karate.core.FeatureResult.getErrorMessagesCombined(FeatureResult.java:215)
- com.intuit.karate.core.ScenarioEngine.callFeature(ScenarioEngine.java:1951)
- com.intuit.karate.core.ScenarioEngine.call(ScenarioEngine.java:1849)
- com.intuit.karate.core.ScenarioBridge.call(ScenarioBridge.java:163)
- com.intuit.karate.core.ScenarioBridge.call(ScenarioBridge.java:153)
- <js>.fn(Unnamed:44)

classpath:karate/invoices.feature:4
classpath:karate/invoices.feature:7
classpath:karate/invoices.feature:8
14:08:00.019 [main] ERROR com.intuit.karate - classpath:karate/invoices.feature:9
Then status 200
>> classpath:karate/invoices.feature:6
>> karate-config.js failed
>> http call failed after 72 milliseconds for url: 
classpath:karate/okta-auth.feature:12
js failed:
>>>>
01: function fn() {
02:   var config = {
03:       baseUrl: 'https://invoices-rpis.finance-test.cfadevelop.com/',
04:       apiEnvironment: 'dev',
05:       oktaScopes: 'fcr-api:read-invoice-suppliers fcr-api:publish-invoice-supplier-entity-types fcr-api:publish-invoice-suppliers'
06:   };
07: 
08:   karate.log('Initial config:', config);
09: 
10:   function execCommand(command) {
11:       var proc = java.lang.Runtime.getRuntime().exec(command);
12:       proc.waitFor();
13:       var reader = new java.io.BufferedReader(new java.io.InputStreamReader(proc.getInputStream()));
14:       var line = '';
15:       var output = '';
16:       while ((line = reader.readLine()) != null) {
17:           output += line;
18:       }
19:       return output;
20:   }
21: 
22:   var secretName = config.apiEnvironment + '-ots-rpis-xp-api-okta';
23:   var command = 'aws secretsmanager get-secret-value --secret-id ' + secretName + ' --query SecretString --output text';
24:   karate.log('Executing command:', command);
25: 
26:   var oktaCredsJson = execCommand(command);
27:   karate.log('Okta credentials JSON:', oktaCredsJson);
28: 
29:   if (!oktaCredsJson) {
30:       karate.log('Failed to retrieve Okta secrets from Secrets Manager');
31:       throw 'Failed to retrieve Okta secrets';
32:   }
33: 
34:   var oktaCreds = JSON.parse(oktaCredsJson);
35:   karate.log('Parsed Okta credentials:', oktaCreds);
36: 
37:   var oktaClientId = oktaCreds['okta-client-id'];
38:   var oktaClientSecret = oktaCreds['okta-client-secret'];
39:   var oktaTokenUrl = oktaCreds['okta-token-url'];
40: 
41:   var basicAuth = java.util.Base64.getEncoder().encodeToString((oktaClientId + ':' + oktaClientSecret).getBytes('utf-8'));
42:   karate.log('Basic Auth header:', basicAuth);
43: 
44:   var tokenResponse = karate.call('classpath:karate/okta-auth.feature', {
45:       basicAuth: basicAuth,
46:       oktaTokenUrl: oktaTokenUrl,
47:       oktaScopes: config.oktaScopes
48:   });
49:   karate.log('Token response:', tokenResponse);
50: 
51:   if (!tokenResponse || !tokenResponse.access_token) {
52:       karate.log('Failed to get access token from Okta');
53:       throw 'Failed to get access token from Okta';
54:   }
55: 
56:   config.accessToken = tokenResponse.access_token;
57:   karate.log('Access token:', config.accessToken);
58: 
59:   karate.configure('httpClientInstance', { readTimeout: 60000 });
60: 
61:   return config;
62: }
<<<<
org.graalvm.polyglot.PolyglotException: http call failed after 72 milliseconds for url: 
classpath:karate/okta-auth.feature:12
- com.intuit.karate.core.FeatureResult.getErrorMessagesCombined(FeatureResult.java:215)
- com.intuit.karate.core.ScenarioEngine.callFeature(ScenarioEngine.java:1951)
- com.intuit.karate.core.ScenarioEngine.call(ScenarioEngine.java:1849)
- com.intuit.karate.core.ScenarioBridge.call(ScenarioBridge.java:163)
- com.intuit.karate.core.ScenarioBridge.call(ScenarioBridge.java:153)
- <js>.fn(Unnamed:44)

classpath:karate/invoices.feature:4
classpath:karate/invoices.feature:7
classpath:karate/invoices.feature:8
classpath:karate/invoices.feature:9
14:08:00.019 [main] ERROR com.intuit.karate - classpath:karate/invoices.feature:10
And print 'Response:', response
>> classpath:karate/invoices.feature:6
>> karate-config.js failed
>> http call failed after 72 milliseconds for url: 
classpath:karate/okta-auth.feature:12
js failed:
>>>>
01: function fn() {
02:   var config = {
03:       baseUrl: 'https://invoices-rpis.finance-test.cfadevelop.com/',
04:       apiEnvironment: 'dev',
05:       oktaScopes: 'fcr-api:read-invoice-suppliers fcr-api:publish-invoice-supplier-entity-types fcr-api:publish-invoice-suppliers'
06:   };
07: 
08:   karate.log('Initial config:', config);
09: 
10:   function execCommand(command) {
11:       var proc = java.lang.Runtime.getRuntime().exec(command);
12:       proc.waitFor();
13:       var reader = new java.io.BufferedReader(new java.io.InputStreamReader(proc.getInputStream()));
14:       var line = '';
15:       var output = '';
16:       while ((line = reader.readLine()) != null) {
17:           output += line;
18:       }
19:       return output;
20:   }
21: 
22:   var secretName = config.apiEnvironment + '-ots-rpis-xp-api-okta';
23:   var command = 'aws secretsmanager get-secret-value --secret-id ' + secretName + ' --query SecretString --output text';
24:   karate.log('Executing command:', command);
25: 
26:   var oktaCredsJson = execCommand(command);
27:   karate.log('Okta credentials JSON:', oktaCredsJson);
28: 
29:   if (!oktaCredsJson) {
30:       karate.log('Failed to retrieve Okta secrets from Secrets Manager');
31:       throw 'Failed to retrieve Okta secrets';
32:   }
33: 
34:   var oktaCreds = JSON.parse(oktaCredsJson);
35:   karate.log('Parsed Okta credentials:', oktaCreds);
36: 
37:   var oktaClientId = oktaCreds['okta-client-id'];
38:   var oktaClientSecret = oktaCreds['okta-client-secret'];
39:   var oktaTokenUrl = oktaCreds['okta-token-url'];
40: 
41:   var basicAuth = java.util.Base64.getEncoder().encodeToString((oktaClientId + ':' + oktaClientSecret).getBytes('utf-8'));
42:   karate.log('Basic Auth header:', basicAuth);
43: 
44:   var tokenResponse = karate.call('classpath:karate/okta-auth.feature', {
45:       basicAuth: basicAuth,
46:       oktaTokenUrl: oktaTokenUrl,
47:       oktaScopes: config.oktaScopes
48:   });
49:   karate.log('Token response:', tokenResponse);
50: 
51:   if (!tokenResponse || !tokenResponse.access_token) {
52:       karate.log('Failed to get access token from Okta');
53:       throw 'Failed to get access token from Okta';
54:   }
55: 
56:   config.accessToken = tokenResponse.access_token;
57:   karate.log('Access token:', config.accessToken);
58: 
59:   karate.configure('httpClientInstance', { readTimeout: 60000 });
60: 
61:   return config;
62: }
<<<<
org.graalvm.polyglot.PolyglotException: http call failed after 72 milliseconds for url: 
classpath:karate/okta-auth.feature:12
- com.intuit.karate.core.FeatureResult.getErrorMessagesCombined(FeatureResult.java:215)
- com.intuit.karate.core.ScenarioEngine.callFeature(ScenarioEngine.java:1951)
- com.intuit.karate.core.ScenarioEngine.call(ScenarioEngine.java:1849)
- com.intuit.karate.core.ScenarioBridge.call(ScenarioBridge.java:163)
- com.intuit.karate.core.ScenarioBridge.call(ScenarioBridge.java:153)
- <js>.fn(Unnamed:44)

classpath:karate/invoices.feature:4
classpath:karate/invoices.feature:7
classpath:karate/invoices.feature:8
classpath:karate/invoices.feature:9
classpath:karate/invoices.feature:10
14:08:00.020 [main] ERROR com.intuit.karate - classpath:karate/invoices.feature:11
And assert response != null
>> classpath:karate/invoices.feature:6
>> karate-config.js failed
>> http call failed after 72 milliseconds for url: 
classpath:karate/okta-auth.feature:12
js failed:
>>>>
01: function fn() {
02:   var config = {
03:       baseUrl: 'https://invoices-rpis.finance-test.cfadevelop.com/',
04:       apiEnvironment: 'dev',
05:       oktaScopes: 'fcr-api:read-invoice-suppliers fcr-api:publish-invoice-supplier-entity-types fcr-api:publish-invoice-suppliers'
06:   };
07: 
08:   karate.log('Initial config:', config);
09: 
10:   function execCommand(command) {
11:       var proc = java.lang.Runtime.getRuntime().exec(command);
12:       proc.waitFor();
13:       var reader = new java.io.BufferedReader(new java.io.InputStreamReader(proc.getInputStream()));
14:       var line = '';
15:       var output = '';
16:       while ((line = reader.readLine()) != null) {
17:           output += line;
18:       }
19:       return output;
20:   }
21: 
22:   var secretName = config.apiEnvironment + '-ots-rpis-xp-api-okta';
23:   var command = 'aws secretsmanager get-secret-value --secret-id ' + secretName + ' --query SecretString --output text';
24:   karate.log('Executing command:', command);
25: 
26:   var oktaCredsJson = execCommand(command);
27:   karate.log('Okta credentials JSON:', oktaCredsJson);
28: 
29:   if (!oktaCredsJson) {
30:       karate.log('Failed to retrieve Okta secrets from Secrets Manager');
31:       throw 'Failed to retrieve Okta secrets';
32:   }
33: 
34:   var oktaCreds = JSON.parse(oktaCredsJson);
35:   karate.log('Parsed Okta credentials:', oktaCreds);
36: 
37:   var oktaClientId = oktaCreds['okta-client-id'];
38:   var oktaClientSecret = oktaCreds['okta-client-secret'];
39:   var oktaTokenUrl = oktaCreds['okta-token-url'];
40: 
41:   var basicAuth = java.util.Base64.getEncoder().encodeToString((oktaClientId + ':' + oktaClientSecret).getBytes('utf-8'));
42:   karate.log('Basic Auth header:', basicAuth);
43: 
44:   var tokenResponse = karate.call('classpath:karate/okta-auth.feature', {
45:       basicAuth: basicAuth,
46:       oktaTokenUrl: oktaTokenUrl,
47:       oktaScopes: config.oktaScopes
48:   });
49:   karate.log('Token response:', tokenResponse);
50: 
51:   if (!tokenResponse || !tokenResponse.access_token) {
52:       karate.log('Failed to get access token from Okta');
53:       throw 'Failed to get access token from Okta';
54:   }
55: 
56:   config.accessToken = tokenResponse.access_token;
57:   karate.log('Access token:', config.accessToken);
58: 
59:   karate.configure('httpClientInstance', { readTimeout: 60000 });
60: 
61:   return config;
62: }
<<<<
org.graalvm.polyglot.PolyglotException: http call failed after 72 milliseconds for url: 
classpath:karate/okta-auth.feature:12
- com.intuit.karate.core.FeatureResult.getErrorMessagesCombined(FeatureResult.java:215)
- com.intuit.karate.core.ScenarioEngine.callFeature(ScenarioEngine.java:1951)
- com.intuit.karate.core.ScenarioEngine.call(ScenarioEngine.java:1849)
- com.intuit.karate.core.ScenarioBridge.call(ScenarioBridge.java:163)
- com.intuit.karate.core.ScenarioBridge.call(ScenarioBridge.java:153)
- <js>.fn(Unnamed:44)

classpath:karate/invoices.feature:4
classpath:karate/invoices.feature:7
classpath:karate/invoices.feature:8
classpath:karate/invoices.feature:9
classpath:karate/invoices.feature:10
classpath:karate/invoices.feature:11
14:08:00.020 [main] ERROR com.intuit.karate - classpath:karate/invoices.feature:12
And assert response.length > 0
>> classpath:karate/invoices.feature:6
>> karate-config.js failed
>> http call failed after 72 milliseconds for url: 
classpath:karate/okta-auth.feature:12
js failed:
>>>>
01: function fn() {
02:   var config = {
03:       baseUrl: 'https://invoices-rpis.finance-test.cfadevelop.com/',
04:       apiEnvironment: 'dev',
05:       oktaScopes: 'fcr-api:read-invoice-suppliers fcr-api:publish-invoice-supplier-entity-types fcr-api:publish-invoice-suppliers'
06:   };
07: 
08:   karate.log('Initial config:', config);
09: 
10:   function execCommand(command) {
11:       var proc = java.lang.Runtime.getRuntime().exec(command);
12:       proc.waitFor();
13:       var reader = new java.io.BufferedReader(new java.io.InputStreamReader(proc.getInputStream()));
14:       var line = '';
15:       var output = '';
16:       while ((line = reader.readLine()) != null) {
17:           output += line;
18:       }
19:       return output;
20:   }
21: 
22:   var secretName = config.apiEnvironment + '-ots-rpis-xp-api-okta';
23:   var command = 'aws secretsmanager get-secret-value --secret-id ' + secretName + ' --query SecretString --output text';
24:   karate.log('Executing command:', command);
25: 
26:   var oktaCredsJson = execCommand(command);
27:   karate.log('Okta credentials JSON:', oktaCredsJson);
28: 
29:   if (!oktaCredsJson) {
30:       karate.log('Failed to retrieve Okta secrets from Secrets Manager');
31:       throw 'Failed to retrieve Okta secrets';
32:   }
33: 
34:   var oktaCreds = JSON.parse(oktaCredsJson);
35:   karate.log('Parsed Okta credentials:', oktaCreds);
36: 
37:   var oktaClientId = oktaCreds['okta-client-id'];
38:   var oktaClientSecret = oktaCreds['okta-client-secret'];
39:   var oktaTokenUrl = oktaCreds['okta-token-url'];
40: 
41:   var basicAuth = java.util.Base64.getEncoder().encodeToString((oktaClientId + ':' + oktaClientSecret).getBytes('utf-8'));
42:   karate.log('Basic Auth header:', basicAuth);
43: 
44:   var tokenResponse = karate.call('classpath:karate/okta-auth.feature', {
45:       basicAuth: basicAuth,
46:       oktaTokenUrl: oktaTokenUrl,
47:       oktaScopes: config.oktaScopes
48:   });
49:   karate.log('Token response:', tokenResponse);
50: 
51:   if (!tokenResponse || !tokenResponse.access_token) {
52:       karate.log('Failed to get access token from Okta');
53:       throw 'Failed to get access token from Okta';
54:   }
55: 
56:   config.accessToken = tokenResponse.access_token;
57:   karate.log('Access token:', config.accessToken);
58: 
59:   karate.configure('httpClientInstance', { readTimeout: 60000 });
60: 
61:   return config;
62: }
<<<<
org.graalvm.polyglot.PolyglotException: http call failed after 72 milliseconds for url: 
classpath:karate/okta-auth.feature:12
- com.intuit.karate.core.FeatureResult.getErrorMessagesCombined(FeatureResult.java:215)
- com.intuit.karate.core.ScenarioEngine.callFeature(ScenarioEngine.java:1951)
- com.intuit.karate.core.ScenarioEngine.call(ScenarioEngine.java:1849)
- com.intuit.karate.core.ScenarioBridge.call(ScenarioBridge.java:163)
- com.intuit.karate.core.ScenarioBridge.call(ScenarioBridge.java:153)
- <js>.fn(Unnamed:44)

classpath:karate/invoices.feature:4
classpath:karate/invoices.feature:7
classpath:karate/invoices.feature:8
classpath:karate/invoices.feature:9
classpath:karate/invoices.feature:10
classpath:karate/invoices.feature:11
classpath:karate/invoices.feature:12
14:08:00.021 [main] ERROR com.intuit.karate - classpath:karate/invoices.feature:13
* match response[0].id == '#string'
>> classpath:karate/invoices.feature:6
>> karate-config.js failed
>> http call failed after 72 milliseconds for url: 
classpath:karate/okta-auth.feature:12
js failed:
>>>>
01: function fn() {
02:   var config = {
03:       baseUrl: 'https://invoices-rpis.finance-test.cfadevelop.com/',
04:       apiEnvironment: 'dev',
05:       oktaScopes: 'fcr-api:read-invoice-suppliers fcr-api:publish-invoice-supplier-entity-types fcr-api:publish-invoice-suppliers'
06:   };
07: 
08:   karate.log('Initial config:', config);
09: 
10:   function execCommand(command) {
11:       var proc = java.lang.Runtime.getRuntime().exec(command);
12:       proc.waitFor();
13:       var reader = new java.io.BufferedReader(new java.io.InputStreamReader(proc.getInputStream()));
14:       var line = '';
15:       var output = '';
16:       while ((line = reader.readLine()) != null) {
17:           output += line;
18:       }
19:       return output;
20:   }
21: 
22:   var secretName = config.apiEnvironment + '-ots-rpis-xp-api-okta';
23:   var command = 'aws secretsmanager get-secret-value --secret-id ' + secretName + ' --query SecretString --output text';
24:   karate.log('Executing command:', command);
25: 
26:   var oktaCredsJson = execCommand(command);
27:   karate.log('Okta credentials JSON:', oktaCredsJson);
28: 
29:   if (!oktaCredsJson) {
30:       karate.log('Failed to retrieve Okta secrets from Secrets Manager');
31:       throw 'Failed to retrieve Okta secrets';
32:   }
33: 
34:   var oktaCreds = JSON.parse(oktaCredsJson);
35:   karate.log('Parsed Okta credentials:', oktaCreds);
36: 
37:   var oktaClientId = oktaCreds['okta-client-id'];
38:   var oktaClientSecret = oktaCreds['okta-client-secret'];
39:   var oktaTokenUrl = oktaCreds['okta-token-url'];
40: 
41:   var basicAuth = java.util.Base64.getEncoder().encodeToString((oktaClientId + ':' + oktaClientSecret).getBytes('utf-8'));
42:   karate.log('Basic Auth header:', basicAuth);
43: 
44:   var tokenResponse = karate.call('classpath:karate/okta-auth.feature', {
45:       basicAuth: basicAuth,
46:       oktaTokenUrl: oktaTokenUrl,
47:       oktaScopes: config.oktaScopes
48:   });
49:   karate.log('Token response:', tokenResponse);
50: 
51:   if (!tokenResponse || !tokenResponse.access_token) {
52:       karate.log('Failed to get access token from Okta');
53:       throw 'Failed to get access token from Okta';
54:   }
55: 
56:   config.accessToken = tokenResponse.access_token;
57:   karate.log('Access token:', config.accessToken);
58: 
59:   karate.configure('httpClientInstance', { readTimeout: 60000 });
60: 
61:   return config;
62: }
<<<<
org.graalvm.polyglot.PolyglotException: http call failed after 72 milliseconds for url: 
classpath:karate/okta-auth.feature:12
- com.intuit.karate.core.FeatureResult.getErrorMessagesCombined(FeatureResult.java:215)
- com.intuit.karate.core.ScenarioEngine.callFeature(ScenarioEngine.java:1951)
- com.intuit.karate.core.ScenarioEngine.call(ScenarioEngine.java:1849)
- com.intuit.karate.core.ScenarioBridge.call(ScenarioBridge.java:163)
- com.intuit.karate.core.ScenarioBridge.call(ScenarioBridge.java:153)
- <js>.fn(Unnamed:44)

classpath:karate/invoices.feature:4
classpath:karate/invoices.feature:7
classpath:karate/invoices.feature:8
classpath:karate/invoices.feature:9
classpath:karate/invoices.feature:10
classpath:karate/invoices.feature:11
classpath:karate/invoices.feature:12
classpath:karate/invoices.feature:13
14:08:00.021 [main] ERROR com.intuit.karate - classpath:karate/invoices.feature:14
* match response[0].amount == '#number'
>> classpath:karate/invoices.feature:6
>> karate-config.js failed
>> http call failed after 72 milliseconds for url: 
classpath:karate/okta-auth.feature:12
js failed:
>>>>
01: function fn() {
02:   var config = {
03:       baseUrl: 'https://invoices-rpis.finance-test.cfadevelop.com/',
04:       apiEnvironment: 'dev',
05:       oktaScopes: 'fcr-api:read-invoice-suppliers fcr-api:publish-invoice-supplier-entity-types fcr-api:publish-invoice-suppliers'
06:   };
07: 
08:   karate.log('Initial config:', config);
09: 
10:   function execCommand(command) {
11:       var proc = java.lang.Runtime.getRuntime().exec(command);
12:       proc.waitFor();
13:       var reader = new java.io.BufferedReader(new java.io.InputStreamReader(proc.getInputStream()));
14:       var line = '';
15:       var output = '';
16:       while ((line = reader.readLine()) != null) {
17:           output += line;
18:       }
19:       return output;
20:   }
21: 
22:   var secretName = config.apiEnvironment + '-ots-rpis-xp-api-okta';
23:   var command = 'aws secretsmanager get-secret-value --secret-id ' + secretName + ' --query SecretString --output text';
24:   karate.log('Executing command:', command);
25: 
26:   var oktaCredsJson = execCommand(command);
27:   karate.log('Okta credentials JSON:', oktaCredsJson);
28: 
29:   if (!oktaCredsJson) {
30:       karate.log('Failed to retrieve Okta secrets from Secrets Manager');
31:       throw 'Failed to retrieve Okta secrets';
32:   }
33: 
34:   var oktaCreds = JSON.parse(oktaCredsJson);
35:   karate.log('Parsed Okta credentials:', oktaCreds);
36: 
37:   var oktaClientId = oktaCreds['okta-client-id'];
38:   var oktaClientSecret = oktaCreds['okta-client-secret'];
39:   var oktaTokenUrl = oktaCreds['okta-token-url'];
40: 
41:   var basicAuth = java.util.Base64.getEncoder().encodeToString((oktaClientId + ':' + oktaClientSecret).getBytes('utf-8'));
42:   karate.log('Basic Auth header:', basicAuth);
43: 
44:   var tokenResponse = karate.call('classpath:karate/okta-auth.feature', {
45:       basicAuth: basicAuth,
46:       oktaTokenUrl: oktaTokenUrl,
47:       oktaScopes: config.oktaScopes
48:   });
49:   karate.log('Token response:', tokenResponse);
50: 
51:   if (!tokenResponse || !tokenResponse.access_token) {
52:       karate.log('Failed to get access token from Okta');
53:       throw 'Failed to get access token from Okta';
54:   }
55: 
56:   config.accessToken = tokenResponse.access_token;
57:   karate.log('Access token:', config.accessToken);
58: 
59:   karate.configure('httpClientInstance', { readTimeout: 60000 });
60: 
61:   return config;
62: }
<<<<
org.graalvm.polyglot.PolyglotException: http call failed after 72 milliseconds for url: 
classpath:karate/okta-auth.feature:12
- com.intuit.karate.core.FeatureResult.getErrorMessagesCombined(FeatureResult.java:215)
- com.intuit.karate.core.ScenarioEngine.callFeature(ScenarioEngine.java:1951)
- com.intuit.karate.core.ScenarioEngine.call(ScenarioEngine.java:1849)
- com.intuit.karate.core.ScenarioBridge.call(ScenarioBridge.java:163)
- com.intuit.karate.core.ScenarioBridge.call(ScenarioBridge.java:153)
- <js>.fn(Unnamed:44)

classpath:karate/invoices.feature:4
classpath:karate/invoices.feature:7
classpath:karate/invoices.feature:8
classpath:karate/invoices.feature:9
classpath:karate/invoices.feature:10
classpath:karate/invoices.feature:11
classpath:karate/invoices.feature:12
classpath:karate/invoices.feature:13
classpath:karate/invoices.feature:14
14:08:00.022 [main] DEBUG com.jayway.jsonpath.internal.path.CompiledPath - Evaluating path: $
14:08:00.025 [main] DEBUG com.jayway.jsonpath.internal.path.CompiledPath - Evaluating path: $
14:08:00.036 [main] DEBUG org.thymeleaf.TemplateEngine - [THYMELEAF] INITIALIZING TEMPLATE ENGINE
14:08:00.094 [Finalizer] DEBUG org.apache.http.impl.conn.PoolingHttpClientConnectionManager - Connection manager is shutting down
14:08:00.094 [Finalizer] DEBUG org.apache.http.impl.conn.PoolingHttpClientConnectionManager - Connection manager shut down
14:08:00.122 [main] DEBUG org.thymeleaf.TemplateEngine.CONFIG - Initializing Thymeleaf Template engine configuration...
[THYMELEAF] TEMPLATE ENGINE CONFIGURATION:
[THYMELEAF] * Thymeleaf version: 3.0.14.RELEASE (built 2021-12-08T00:45:29+0000)
[THYMELEAF] * Cache Manager implementation: org.thymeleaf.cache.StandardCacheManager
[THYMELEAF] * Template resolvers:
[THYMELEAF]     * [1] com.intuit.karate.template.ResourceHtmlTemplateResolver
[THYMELEAF] * Message resolvers:
[THYMELEAF]     * org.thymeleaf.messageresolver.StandardMessageResolver
[THYMELEAF] * Link builders:
[THYMELEAF]     * org.thymeleaf.linkbuilder.StandardLinkBuilder
[THYMELEAF] * Dialect [1 of 2]: Standard (com.intuit.karate.template.KarateStandardDialect)
[THYMELEAF]     * Prefix: "th"
[THYMELEAF]     * Processors for Template Mode: HTML
[THYMELEAF]         * Element Tag Processors by [matching element and attribute name] [precedence]:
[THYMELEAF]             * [* {th:include,data-th-include}] [100]: org.thymeleaf.standard.processor.StandardIncludeTagProcessor
[THYMELEAF]             * [* {th:insert,data-th-insert}] [100]: org.thymeleaf.standard.processor.StandardInsertTagProcessor
[THYMELEAF]             * [* {th:replace,data-th-replace}] [100]: org.thymeleaf.standard.processor.StandardReplaceTagProcessor
[THYMELEAF]             * [* {th:substituteby,data-th-substituteby}] [100]: org.thymeleaf.standard.processor.StandardSubstituteByTagProcessor
[THYMELEAF]             * [* {th:each,data-th-each}] [200]: com.intuit.karate.template.KarateEachTagProcessor
[THYMELEAF]             * [* {th:switch,data-th-switch}] [250]: org.thymeleaf.standard.processor.StandardSwitchTagProcessor
[THYMELEAF]             * [* {th:case,data-th-case}] [275]: org.thymeleaf.standard.processor.StandardCaseTagProcessor
[THYMELEAF]             * [* {th:if,data-th-if}] [300]: org.thymeleaf.standard.processor.StandardIfTagProcessor
[THYMELEAF]             * [* {th:unless,data-th-unless}] [400]: org.thymeleaf.standard.processor.StandardUnlessTagProcessor
[THYMELEAF]             * [* {th:object,data-th-object}] [500]: org.thymeleaf.standard.processor.StandardObjectTagProcessor
[THYMELEAF]             * [* {th:with,data-th-with}] [600]: com.intuit.karate.template.KarateWithTagProcessor
[THYMELEAF]             * [* {th:attr,data-th-attr}] [700]: com.intuit.karate.template.KarateAttributeTagProcessor.KarateAttrTagProcessor
[THYMELEAF]             * [* {th:attrappend,data-th-attrappend}] [900]: com.intuit.karate.template.KarateAttributeTagProcessor.KarateAttrappendTagProcessor
[THYMELEAF]             * [* {th:attrprepend,data-th-attrprepend}] [900]: com.intuit.karate.template.KarateAttributeTagProcessor.KarateAttrprependTagProcessor
[THYMELEAF]             * [* {th:alt-title,data-th-alt-title}] [990]: org.thymeleaf.standard.processor.StandardAltTitleTagProcessor
[THYMELEAF]             * [* {th:lang-xmllang,data-th-lang-xmllang}] [990]: org.thymeleaf.standard.processor.StandardLangXmlLangTagProcessor
[THYMELEAF]             * [* {th:action,data-th-action}] [1000]: org.thymeleaf.standard.processor.StandardActionTagProcessor
[THYMELEAF]             * [* {th:required,data-th-required}] [1000]: org.thymeleaf.standard.processor.StandardConditionalFixedValueTagProcessor
[THYMELEAF]             * [* {th:controls,data-th-controls}] [1000]: org.thymeleaf.standard.processor.StandardConditionalFixedValueTagProcessor
[THYMELEAF]             * [* {th:pubdate,data-th-pubdate}] [1000]: org.thymeleaf.standard.processor.StandardConditionalFixedValueTagProcessor
[THYMELEAF]             * [* {th:checked,data-th-checked}] [1000]: org.thymeleaf.standard.processor.StandardConditionalFixedValueTagProcessor
[THYMELEAF]             * [* {th:nowrap,data-th-nowrap}] [1000]: org.thymeleaf.standard.processor.StandardConditionalFixedValueTagProcessor
[THYMELEAF]             * [* {th:reversed,data-th-reversed}] [1000]: org.thymeleaf.standard.processor.StandardConditionalFixedValueTagProcessor
[THYMELEAF]             * [* {th:defer,data-th-defer}] [1000]: org.thymeleaf.standard.processor.StandardConditionalFixedValueTagProcessor
[THYMELEAF]             * [* {th:seamless,data-th-seamless}] [1000]: org.thymeleaf.standard.processor.StandardConditionalFixedValueTagProcessor
[THYMELEAF]             * [* {th:autofocus,data-th-autofocus}] [1000]: org.thymeleaf.standard.processor.StandardConditionalFixedValueTagProcessor
[THYMELEAF]             * [* {th:formnovalidate,data-th-formnovalidate}] [1000]: org.thymeleaf.standard.processor.StandardConditionalFixedValueTagProcessor
[THYMELEAF]             * [* {th:ismap,data-th-ismap}] [1000]: org.thymeleaf.standard.processor.StandardConditionalFixedValueTagProcessor
[THYMELEAF]             * [* {th:disabled,data-th-disabled}] [1000]: org.thymeleaf.standard.processor.StandardConditionalFixedValueTagProcessor
[THYMELEAF]             * [* {th:async,data-th-async}] [1000]: org.thymeleaf.standard.processor.StandardConditionalFixedValueTagProcessor
[THYMELEAF]             * [* {th:autoplay,data-th-autoplay}] [1000]: org.thymeleaf.standard.processor.StandardConditionalFixedValueTagProcessor
[THYMELEAF]             * [* {th:hidden,data-th-hidden}] [1000]: org.thymeleaf.standard.processor.StandardConditionalFixedValueTagProcessor
[THYMELEAF]             * [* {th:selected,data-th-selected}] [1000]: org.thymeleaf.standard.processor.StandardConditionalFixedValueTagProcessor
[THYMELEAF]             * [* {th:open,data-th-open}] [1000]: org.thymeleaf.standard.processor.StandardConditionalFixedValueTagProcessor
[THYMELEAF]             * [* {th:readonly,data-th-readonly}] [1000]: org.thymeleaf.standard.processor.StandardConditionalFixedValueTagProcessor
[THYMELEAF]             * [* {th:loop,data-th-loop}] [1000]: org.thymeleaf.standard.processor.StandardConditionalFixedValueTagProcessor
[THYMELEAF]             * [* {th:multiple,data-th-multiple}] [1000]: org.thymeleaf.standard.processor.StandardConditionalFixedValueTagProcessor
[THYMELEAF]             * [* {th:novalidate,data-th-novalidate}] [1000]: org.thymeleaf.standard.processor.StandardConditionalFixedValueTagProcessor
[THYMELEAF]             * [* {th:default,data-th-default}] [1000]: org.thymeleaf.standard.processor.StandardConditionalFixedValueTagProcessor
[THYMELEAF]             * [* {th:declare,data-th-declare}] [1000]: org.thymeleaf.standard.processor.StandardConditionalFixedValueTagProcessor
[THYMELEAF]             * [* {th:scoped,data-th-scoped}] [1000]: org.thymeleaf.standard.processor.StandardConditionalFixedValueTagProcessor
[THYMELEAF]             * [* {th:onmousewheel,data-th-onmousewheel}] [1000]: org.thymeleaf.standard.processor.StandardDOMEventAttributeTagProcessor
[THYMELEAF]             * [* {th:onstalled,data-th-onstalled}] [1000]: org.thymeleaf.standard.processor.StandardDOMEventAttributeTagProcessor
[THYMELEAF]             * [* {th:onredo,data-th-onredo}] [1000]: org.thymeleaf.standard.processor.StandardDOMEventAttributeTagProcessor
[THYMELEAF]             * [* {th:onsuspend,data-th-onsuspend}] [1000]: org.thymeleaf.standard.processor.StandardDOMEventAttributeTagProcessor
[THYMELEAF]             * [* {th:onpopstate,data-th-onpopstate}] [1000]: org.thymeleaf.standard.processor.StandardDOMEventAttributeTagProcessor
[THYMELEAF]             * [* {th:onbeforeunload,data-th-onbeforeunload}] [1000]: org.thymeleaf.standard.processor.StandardDOMEventAttributeTagProcessor
[THYMELEAF]             * [* {th:onloadedmetadata,data-th-onloadedmetadata}] [1000]: org.thymeleaf.standard.processor.StandardDOMEventAttributeTagProcessor
[THYMELEAF]             * [* {th:onabort,data-th-onabort}] [1000]: org.thymeleaf.standard.processor.StandardDOMEventAttributeTagProcessor
[THYMELEAF]             * [* {th:onunload,data-th-onunload}] [1000]: org.thymeleaf.standard.processor.StandardDOMEventAttributeTagProcessor
[THYMELEAF]             * [* {th:ononline,data-th-ononline}] [1000]: org.thymeleaf.standard.processor.StandardDOMEventAttributeTagProcessor
[THYMELEAF]             * [* {th:onloadeddata,data-th-onloadeddata}] [1000]: org.thymeleaf.standard.processor.StandardDOMEventAttributeTagProcessor
[THYMELEAF]             * [* {th:onmouseover,data-th-onmouseover}] [1000]: org.thymeleaf.standard.processor.StandardDOMEventAttributeTagProcessor
[THYMELEAF]             * [* {th:ondrop,data-th-ondrop}] [1000]: org.thymeleaf.standard.processor.StandardDOMEventAttributeTagProcessor
[THYMELEAF]             * [* {th:onmessage,data-th-onmessage}] [1000]: org.thymeleaf.standard.processor.StandardDOMEventAttributeTagProcessor
[THYMELEAF]             * [* {th:onselect,data-th-onselect}] [1000]: org.thymeleaf.standard.processor.StandardDOMEventAttributeTagProcessor
[THYMELEAF]             * [* {th:ondragleave,data-th-ondragleave}] [1000]: org.thymeleaf.standard.processor.StandardDOMEventAttributeTagProcessor
[THYMELEAF]             * [* {th:onscroll,data-th-onscroll}] [1000]: org.thymeleaf.standard.processor.StandardDOMEventAttributeTagProcessor
[THYMELEAF]             * [* {th:oninvalid,data-th-oninvalid}] [1000]: org.thymeleaf.standard.processor.StandardDOMEventAttributeTagProcessor
[THYMELEAF]             * [* {th:ondrag,data-th-ondrag}] [1000]: org.thymeleaf.standard.processor.StandardDOMEventAttributeTagProcessor
[THYMELEAF]             * [* {th:ontimeupdate,data-th-ontimeupdate}] [1000]: org.thymeleaf.standard.processor.StandardDOMEventAttributeTagProcessor
[THYMELEAF]             * [* {th:onload,data-th-onload}] [1000]: org.thymeleaf.standard.processor.StandardDOMEventAttributeTagProcessor
[THYMELEAF]             * [* {th:onkeypress,data-th-onkeypress}] [1000]: org.thymeleaf.standard.processor.StandardDOMEventAttributeTagProcessor
[THYMELEAF]             * [* {th:onstorage,data-th-onstorage}] [1000]: org.thymeleaf.standard.processor.StandardDOMEventAttributeTagProcessor
[THYMELEAF]             * [* {th:onbeforeprint,data-th-onbeforeprint}] [1000]: org.thymeleaf.standard.processor.StandardDOMEventAttributeTagProcessor
[THYMELEAF]             * [* {th:onended,data-th-onended}] [1000]: org.thymeleaf.standard.processor.StandardDOMEventAttributeTagProcessor
[THYMELEAF]             * [* {th:onchange,data-th-onchange}] [1000]: org.thymeleaf.standard.processor.StandardDOMEventAttributeTagProcessor
[THYMELEAF]             * [* {th:onsubmit,data-th-onsubmit}] [1000]: org.thymeleaf.standard.processor.StandardDOMEventAttributeTagProcessor
[THYMELEAF]             * [* {th:onseeking,data-th-onseeking}] [1000]: org.thymeleaf.standard.processor.StandardDOMEventAttributeTagProcessor
[THYMELEAF]             * [* {th:onmousedown,data-th-onmousedown}] [1000]: org.thymeleaf.standard.processor.StandardDOMEventAttributeTagProcessor
[THYMELEAF]             * [* {th:onafterprint,data-th-onafterprint}] [1000]: org.thymeleaf.standard.processor.StandardDOMEventAttributeTagProcessor
[THYMELEAF]             * [* {th:onresize,data-th-onresize}] [1000]: org.thymeleaf.standard.processor.StandardDOMEventAttributeTagProcessor
[THYMELEAF]             * [* {th:oninput,data-th-oninput}] [1000]: org.thymeleaf.standard.processor.StandardDOMEventAttributeTagProcessor
[THYMELEAF]             * [* {th:oncanplay,data-th-oncanplay}] [1000]: org.thymeleaf.standard.processor.StandardDOMEventAttributeTagProcessor
[THYMELEAF]             * [* {th:onmousemove,data-th-onmousemove}] [1000]: org.thymeleaf.standard.processor.StandardDOMEventAttributeTagProcessor
[THYMELEAF]             * [* {th:onvolumechange,data-th-onvolumechange}] [1000]: org.thymeleaf.standard.processor.StandardDOMEventAttributeTagProcessor
[THYMELEAF]             * [* {th:onforminput,data-th-onforminput}] [1000]: org.thymeleaf.standard.processor.StandardDOMEventAttributeTagProcessor
[THYMELEAF]             * [* {th:onmouseout,data-th-onmouseout}] [1000]: org.thymeleaf.standard.processor.StandardDOMEventAttributeTagProcessor
[THYMELEAF]             * [* {th:oncontextmenu,data-th-oncontextmenu}] [1000]: org.thymeleaf.standard.processor.StandardDOMEventAttributeTagProcessor
[THYMELEAF]             * [* {th:oncanplaythrough,data-th-oncanplaythrough}] [1000]: org.thymeleaf.standard.processor.StandardDOMEventAttributeTagProcessor
[THYMELEAF]             * [* {th:onratechange,data-th-onratechange}] [1000]: org.thymeleaf.standard.processor.StandardDOMEventAttributeTagProcessor
[THYMELEAF]             * [* {th:onoffline,data-th-onoffline}] [1000]: org.thymeleaf.standard.processor.StandardDOMEventAttributeTagProcessor
[THYMELEAF]             * [* {th:onplay,data-th-onplay}] [1000]: org.thymeleaf.standard.processor.StandardDOMEventAttributeTagProcessor
[THYMELEAF]             * [* {th:onformchange,data-th-onformchange}] [1000]: org.thymeleaf.standard.processor.StandardDOMEventAttributeTagProcessor
[THYMELEAF]             * [* {th:onwaiting,data-th-onwaiting}] [1000]: org.thymeleaf.standard.processor.StandardDOMEventAttributeTagProcessor
[THYMELEAF]             * [* {th:ondblclick,data-th-ondblclick}] [1000]: org.thymeleaf.standard.processor.StandardDOMEventAttributeTagProcessor
[THYMELEAF]             * [* {th:onreadystatechange,data-th-onreadystatechange}] [1000]: org.thymeleaf.standard.processor.StandardDOMEventAttributeTagProcessor
[THYMELEAF]             * [* {th:onerror,data-th-onerror}] [1000]: org.thymeleaf.standard.processor.StandardDOMEventAttributeTagProcessor
[THYMELEAF]             * [* {th:onplaying,data-th-onplaying}] [1000]: org.thymeleaf.standard.processor.StandardDOMEventAttributeTagProcessor
[THYMELEAF]             * [* {th:ondragstart,data-th-ondragstart}] [1000]: org.thymeleaf.standard.processor.StandardDOMEventAttributeTagProcessor
[THYMELEAF]             * [* {th:onclick,data-th-onclick}] [1000]: org.thymeleaf.standard.processor.StandardDOMEventAttributeTagProcessor
[THYMELEAF]             * [* {th:onprogress,data-th-onprogress}] [1000]: org.thymeleaf.standard.processor.StandardDOMEventAttributeTagProcessor
[THYMELEAF]             * [* {th:onpause,data-th-onpause}] [1000]: org.thymeleaf.standard.processor.StandardDOMEventAttributeTagProcessor
[THYMELEAF]             * [* {th:onkeyup,data-th-onkeyup}] [1000]: org.thymeleaf.standard.processor.StandardDOMEventAttributeTagProcessor
[THYMELEAF]             * [* {th:onhashchange,data-th-onhashchange}] [1000]: org.thymeleaf.standard.processor.StandardDOMEventAttributeTagProcessor
[THYMELEAF]             * [* {th:onloadstart,data-th-onloadstart}] [1000]: org.thymeleaf.standard.processor.StandardDOMEventAttributeTagProcessor
[THYMELEAF]             * [* {th:onemptied,data-th-onemptied}] [1000]: org.thymeleaf.standard.processor.StandardDOMEventAttributeTagProcessor
[THYMELEAF]             * [* {th:onfocus,data-th-onfocus}] [1000]: org.thymeleaf.standard.processor.StandardDOMEventAttributeTagProcessor
[THYMELEAF]             * [* {th:onblur,data-th-onblur}] [1000]: org.thymeleaf.standard.processor.StandardDOMEventAttributeTagProcessor
[THYMELEAF]             * [* {th:onkeydown,data-th-onkeydown}] [1000]: org.thymeleaf.standard.processor.StandardDOMEventAttributeTagProcessor
[THYMELEAF]             * [* {th:onshow,data-th-onshow}] [1000]: org.thymeleaf.standard.processor.StandardDOMEventAttributeTagProcessor
[THYMELEAF]             * [* {th:ondragend,data-th-ondragend}] [1000]: org.thymeleaf.standard.processor.StandardDOMEventAttributeTagProcessor
[THYMELEAF]             * [* {th:ondurationchange,data-th-ondurationchange}] [1000]: org.thymeleaf.standard.processor.StandardDOMEventAttributeTagProcessor
[THYMELEAF]             * [* {th:onundo,data-th-onundo}] [1000]: org.thymeleaf.standard.processor.StandardDOMEventAttributeTagProcessor
[THYMELEAF]             * [* {th:onmouseup,data-th-onmouseup}] [1000]: org.thymeleaf.standard.processor.StandardDOMEventAttributeTagProcessor
[THYMELEAF]             * [* {th:ondragenter,data-th-ondragenter}] [1000]: org.thymeleaf.standard.processor.StandardDOMEventAttributeTagProcessor
[THYMELEAF]             * [* {th:onseeked,data-th-onseeked}] [1000]: org.thymeleaf.standard.processor.StandardDOMEventAttributeTagProcessor
[THYMELEAF]             * [* {th:onreset,data-th-onreset}] [1000]: org.thymeleaf.standard.processor.StandardDOMEventAttributeTagProcessor
[THYMELEAF]             * [* {th:ondragover,data-th-ondragover}] [1000]: org.thymeleaf.standard.processor.StandardDOMEventAttributeTagProcessor
[THYMELEAF]             * [* {th:href,data-th-href}] [1000]: org.thymeleaf.standard.processor.StandardHrefTagProcessor
[THYMELEAF]             * [* {th:inline,data-th-inline}] [1000]: org.thymeleaf.standard.processor.StandardInlineHTMLTagProcessor
[THYMELEAF]             * [* {th:method,data-th-method}] [1000]: org.thymeleaf.standard.processor.StandardMethodTagProcessor
[THYMELEAF]             * [* {th:name,data-th-name}] [1000]: org.thymeleaf.standard.processor.StandardNonRemovableAttributeTagProcessor
[THYMELEAF]             * [* {th:type,data-th-type}] [1000]: org.thymeleaf.standard.processor.StandardNonRemovableAttributeTagProcessor
[THYMELEAF]             * [* {th:charset,data-th-charset}] [1000]: org.thymeleaf.standard.processor.StandardRemovableAttributeTagProcessor
[THYMELEAF]             * [* {th:background,data-th-background}] [1000]: org.thymeleaf.standard.processor.StandardRemovableAttributeTagProcessor
[THYMELEAF]             * [* {th:rules,data-th-rules}] [1000]: org.thymeleaf.standard.processor.StandardRemovableAttributeTagProcessor
[THYMELEAF]             * [* {th:rel,data-th-rel}] [1000]: org.thymeleaf.standard.processor.StandardRemovableAttributeTagProcessor
[THYMELEAF]             * [* {th:accept,data-th-accept}] [1000]: org.thymeleaf.standard.processor.StandardRemovableAttributeTagProcessor
[THYMELEAF]             * [* {th:colspan,data-th-colspan}] [1000]: org.thymeleaf.standard.processor.StandardRemovableAttributeTagProcessor
[THYMELEAF]             * [* {th:usemap,data-th-usemap}] [1000]: org.thymeleaf.standard.processor.StandardRemovableAttributeTagProcessor
[THYMELEAF]             * [* {th:form,data-th-form}] [1000]: org.thymeleaf.standard.processor.StandardRemovableAttributeTagProcessor
[THYMELEAF]             * [* {th:hreflang,data-th-hreflang}] [1000]: org.thymeleaf.standard.processor.StandardRemovableAttributeTagProcessor
[THYMELEAF]             * [* {th:content,data-th-content}] [1000]: org.thymeleaf.standard.processor.StandardRemovableAttributeTagProcessor
[THYMELEAF]             * [* {th:style,data-th-style}] [1000]: org.thymeleaf.standard.processor.StandardRemovableAttributeTagProcessor
[THYMELEAF]             * [* {th:optimum,data-th-optimum}] [1000]: org.thymeleaf.standard.processor.StandardRemovableAttributeTagProcessor
[THYMELEAF]             * [* {th:longdesc,data-th-longdesc}] [1000]: org.thymeleaf.standard.processor.StandardRemovableAttributeTagProcessor
[THYMELEAF]             * [* {th:accept-charset,data-th-accept-charset}] [1000]: org.thymeleaf.standard.processor.StandardRemovableAttributeTagProcessor
[THYMELEAF]             * [* {th:title,data-th-title}] [1000]: org.thymeleaf.standard.processor.StandardRemovableAttributeTagProcessor
[THYMELEAF]             * [* {th:height,data-th-height}] [1000]: org.thymeleaf.standard.processor.StandardRemovableAttributeTagProcessor
[THYMELEAF]             * [* {th:contenteditable,data-th-contenteditable}] [1000]: org.thymeleaf.standard.processor.StandardRemovableAttributeTagProcessor
[THYMELEAF]             * [* {th:formenctype,data-th-formenctype}] [1000]: org.thymeleaf.standard.processor.StandardRemovableAttributeTagProcessor
[THYMELEAF]             * [* {th:formmethod,data-th-formmethod}] [1000]: org.thymeleaf.standard.processor.StandardRemovableAttributeTagProcessor
[THYMELEAF]             * [* {th:size,data-th-size}] [1000]: org.thymeleaf.standard.processor.StandardRemovableAttributeTagProcessor
[THYMELEAF]             * [* {th:headers,data-th-headers}] [1000]: org.thymeleaf.standard.processor.StandardRemovableAttributeTagProcessor
[THYMELEAF]             * [* {th:scrolling,data-th-scrolling}] [1000]: org.thymeleaf.standard.processor.StandardRemovableAttributeTagProcessor
[THYMELEAF]             * [* {th:sizes,data-th-sizes}] [1000]: org.thymeleaf.standard.processor.StandardRemovableAttributeTagProcessor
[THYMELEAF]             * [* {th:archive,data-th-archive}] [1000]: org.thymeleaf.standard.processor.StandardRemovableAttributeTagProcessor
[THYMELEAF]             * [* {th:classid,data-th-classid}] [1000]: org.thymeleaf.standard.processor.StandardRemovableAttributeTagProcessor
[THYMELEAF]             * [* {th:icon,data-th-icon}] [1000]: org.thymeleaf.standard.processor.StandardRemovableAttributeTagProcessor
[THYMELEAF]             * [* {th:keytype,data-th-keytype}] [1000]: org.thymeleaf.standard.processor.StandardRemovableAttributeTagProcessor
[THYMELEAF]             * [* {th:min,data-th-min}] [1000]: org.thymeleaf.standard.processor.StandardRemovableAttributeTagProcessor
[THYMELEAF]             * [* {th:cellpadding,data-th-cellpadding}] [1000]: org.thymeleaf.standard.processor.StandardRemovableAttributeTagProcessor
[THYMELEAF]             * [* {th:rows,data-th-rows}] [1000]: org.thymeleaf.standard.processor.StandardRemovableAttributeTagProcessor
[THYMELEAF]             * [* {th:pattern,data-th-pattern}] [1000]: org.thymeleaf.standard.processor.StandardRemovableAttributeTagProcessor
[THYMELEAF]             * [* {th:cellspacing,data-th-cellspacing}] [1000]: org.thymeleaf.standard.processor.StandardRemovableAttributeTagProcessor
[THYMELEAF]             * [* {th:accesskey,data-th-accesskey}] [1000]: org.thymeleaf.standard.processor.StandardRemovableAttributeTagProcessor
[THYMELEAF]             * [* {th:http-equiv,data-th-http-equiv}] [1000]: org.thymeleaf.standard.processor.StandardRemovableAttributeTagProcessor
[THYMELEAF]             * [* {th:audio,data-th-audio}] [1000]: org.thymeleaf.standard.processor.StandardRemovableAttributeTagProcessor
[THYMELEAF]             * [* {th:bgcolor,data-th-bgcolor}] [1000]: org.thymeleaf.standard.processor.StandardRemovableAttributeTagProcessor
[THYMELEAF]             * [* {th:draggable,data-th-draggable}] [1000]: org.thymeleaf.standard.processor.StandardRemovableAttributeTagProcessor
[THYMELEAF]             * [* {th:border,data-th-border}] [1000]: org.thymeleaf.standard.processor.StandardRemovableAttributeTagProcessor
[THYMELEAF]             * [* {th:codetype,data-th-codetype}] [1000]: org.thymeleaf.standard.processor.StandardRemovableAttributeTagProcessor
[THYMELEAF]             * [* {th:high,data-th-high}] [1000]: org.thymeleaf.standard.processor.StandardRemovableAttributeTagProcessor
[THYMELEAF]             * [* {th:span,data-th-span}] [1000]: org.thymeleaf.standard.processor.StandardRemovableAttributeTagProcessor
[THYMELEAF]             * [* {th:maxlength,data-th-maxlength}] [1000]: org.thymeleaf.standard.processor.StandardRemovableAttributeTagProcessor
[THYMELEAF]             * [* {th:abbr,data-th-abbr}] [1000]: org.thymeleaf.standard.processor.StandardRemovableAttributeTagProcessor
[THYMELEAF]             * [* {th:start,data-th-start}] [1000]: org.thymeleaf.standard.processor.StandardRemovableAttributeTagProcessor
[THYMELEAF]             * [* {th:for,data-th-for}] [1000]: org.thymeleaf.standard.processor.StandardRemovableAttributeTagProcessor
[THYMELEAF]             * [* {th:formtarget,data-th-formtarget}] [1000]: org.thymeleaf.standard.processor.StandardRemovableAttributeTagProcessor
[THYMELEAF]             * [* {th:rev,data-th-rev}] [1000]: org.thymeleaf.standard.processor.StandardRemovableAttributeTagProcessor
[THYMELEAF]             * [* {th:formaction,data-th-formaction}] [1000]: org.thymeleaf.standard.processor.StandardRemovableAttributeTagProcessor
[THYMELEAF]             * [* {th:placeholder,data-th-placeholder}] [1000]: org.thymeleaf.standard.processor.StandardRemovableAttributeTagProcessor
[THYMELEAF]             * [* {th:marginheight,data-th-marginheight}] [1000]: org.thymeleaf.standard.processor.StandardRemovableAttributeTagProcessor
[THYMELEAF]             * [* {th:spellcheck,data-th-spellcheck}] [1000]: org.thymeleaf.standard.processor.StandardRemovableAttributeTagProcessor
[THYMELEAF]             * [* {th:kind,data-th-kind}] [1000]: org.thymeleaf.standard.processor.StandardRemovableAttributeTagProcessor
[THYMELEAF]             * [* {th:challenge,data-th-challenge}] [1000]: org.thymeleaf.standard.processor.StandardRemovableAttributeTagProcessor
[THYMELEAF]             * [* {th:lang,data-th-lang}] [1000]: org.thymeleaf.standard.processor.StandardRemovableAttributeTagProcessor
[THYMELEAF]             * [* {th:scheme,data-th-scheme}] [1000]: org.thymeleaf.standard.processor.StandardRemovableAttributeTagProcessor
[THYMELEAF]             * [* {th:codebase,data-th-codebase}] [1000]: org.thymeleaf.standard.processor.StandardRemovableAttributeTagProcessor
[THYMELEAF]             * [* {th:radiogroup,data-th-radiogroup}] [1000]: org.thymeleaf.standard.processor.StandardRemovableAttributeTagProcessor
[THYMELEAF]             * [* {th:manifest,data-th-manifest}] [1000]: org.thymeleaf.standard.processor.StandardRemovableAttributeTagProcessor
[THYMELEAF]             * [* {th:align,data-th-align}] [1000]: org.thymeleaf.standard.processor.StandardRemovableAttributeTagProcessor
[THYMELEAF]             * [* {th:standby,data-th-standby}] [1000]: org.thymeleaf.standard.processor.StandardRemovableAttributeTagProcessor
[THYMELEAF]             * [* {th:data,data-th-data}] [1000]: org.thymeleaf.standard.processor.StandardRemovableAttributeTagProcessor
[THYMELEAF]             * [* {th:compact,data-th-compact}] [1000]: org.thymeleaf.standard.processor.StandardRemovableAttributeTagProcessor
[THYMELEAF]             * [* {th:rowspan,data-th-rowspan}] [1000]: org.thymeleaf.standard.processor.StandardRemovableAttributeTagProcessor
[THYMELEAF]             * [* {th:dir,data-th-dir}] [1000]: org.thymeleaf.standard.processor.StandardRemovableAttributeTagProcessor
[THYMELEAF]             * [* {th:frameborder,data-th-frameborder}] [1000]: org.thymeleaf.standard.processor.StandardRemovableAttributeTagProcessor
[THYMELEAF]             * [* {th:id,data-th-id}] [1000]: org.thymeleaf.standard.processor.StandardRemovableAttributeTagProcessor
[THYMELEAF]             * [* {th:class,data-th-class}] [1000]: org.thymeleaf.standard.processor.StandardRemovableAttributeTagProcessor
[THYMELEAF]             * [* {th:tabindex,data-th-tabindex}] [1000]: org.thymeleaf.standard.processor.StandardRemovableAttributeTagProcessor
[THYMELEAF]             * [* {th:datetime,data-th-datetime}] [1000]: org.thymeleaf.standard.processor.StandardRemovableAttributeTagProcessor
[THYMELEAF]             * [* {th:contextmenu,data-th-contextmenu}] [1000]: org.thymeleaf.standard.processor.StandardRemovableAttributeTagProcessor
[THYMELEAF]             * [* {th:frame,data-th-frame}] [1000]: org.thymeleaf.standard.processor.StandardRemovableAttributeTagProcessor
[THYMELEAF]             * [* {th:srclang,data-th-srclang}] [1000]: org.thymeleaf.standard.processor.StandardRemovableAttributeTagProcessor
[THYMELEAF]             * [* {th:alt,data-th-alt}] [1000]: org.thymeleaf.standard.processor.StandardRemovableAttributeTagProcessor
[THYMELEAF]             * [* {th:marginwidth,data-th-marginwidth}] [1000]: org.thymeleaf.standard.processor.StandardRemovableAttributeTagProcessor
[THYMELEAF]             * [* {th:valuetype,data-th-valuetype}] [1000]: org.thymeleaf.standard.processor.StandardRemovableAttributeTagProcessor
[THYMELEAF]             * [* {th:enctype,data-th-enctype}] [1000]: org.thymeleaf.standard.processor.StandardRemovableAttributeTagProcessor
[THYMELEAF]             * [* {th:axis,data-th-axis}] [1000]: org.thymeleaf.standard.processor.StandardRemovableAttributeTagProcessor
[THYMELEAF]             * [* {th:scope,data-th-scope}] [1000]: org.thymeleaf.standard.processor.StandardRemovableAttributeTagProcessor
[THYMELEAF]             * [* {th:hspace,data-th-hspace}] [1000]: org.thymeleaf.standard.processor.StandardRemovableAttributeTagProcessor
[THYMELEAF]             * [* {th:vspace,data-th-vspace}] [1000]: org.thymeleaf.standard.processor.StandardRemovableAttributeTagProcessor
[THYMELEAF]             * [* {th:summary,data-th-summary}] [1000]: org.thymeleaf.standard.processor.StandardRemovableAttributeTagProcessor
[THYMELEAF]             * [* {th:max,data-th-max}] [1000]: org.thymeleaf.standard.processor.StandardRemovableAttributeTagProcessor
[THYMELEAF]             * [* {th:width,data-th-width}] [1000]: org.thymeleaf.standard.processor.StandardRemovableAttributeTagProcessor
[THYMELEAF]             * [* {th:autocomplete,data-th-autocomplete}] [1000]: org.thymeleaf.standard.processor.StandardRemovableAttributeTagProcessor
[THYMELEAF]             * [* {th:poster,data-th-poster}] [1000]: org.thymeleaf.standard.processor.StandardRemovableAttributeTagProcessor
[THYMELEAF]             * [* {th:dropzone,data-th-dropzone}] [1000]: org.thymeleaf.standard.processor.StandardRemovableAttributeTagProcessor
[THYMELEAF]             * [* {th:cols,data-th-cols}] [1000]: org.thymeleaf.standard.processor.StandardRemovableAttributeTagProcessor
[THYMELEAF]             * [* {th:cite,data-th-cite}] [1000]: org.thymeleaf.standard.processor.StandardRemovableAttributeTagProcessor
[THYMELEAF]             * [* {th:wrap,data-th-wrap}] [1000]: org.thymeleaf.standard.processor.StandardRemovableAttributeTagProcessor
[THYMELEAF]             * [* {th:low,data-th-low}] [1000]: org.thymeleaf.standard.processor.StandardRemovableAttributeTagProcessor
[THYMELEAF]             * [* {th:sandbox,data-th-sandbox}] [1000]: org.thymeleaf.standard.processor.StandardRemovableAttributeTagProcessor
[THYMELEAF]             * [* {th:media,data-th-media}] [1000]: org.thymeleaf.standard.processor.StandardRemovableAttributeTagProcessor
[THYMELEAF]             * [* {th:label,data-th-label}] [1000]: org.thymeleaf.standard.processor.StandardRemovableAttributeTagProcessor
[THYMELEAF]             * [* {th:step,data-th-step}] [1000]: org.thymeleaf.standard.processor.StandardRemovableAttributeTagProcessor
[THYMELEAF]             * [* {th:target,data-th-target}] [1000]: org.thymeleaf.standard.processor.StandardRemovableAttributeTagProcessor
[THYMELEAF]             * [* {th:preload,data-th-preload}] [1000]: org.thymeleaf.standard.processor.StandardRemovableAttributeTagProcessor
[THYMELEAF]             * [* {th:list,data-th-list}] [1000]: org.thymeleaf.standard.processor.StandardRemovableAttributeTagProcessor
[THYMELEAF]             * [* {th:src,data-th-src}] [1000]: org.thymeleaf.standard.processor.StandardSrcTagProcessor
[THYMELEAF]             * [* {th:value,data-th-value}] [1000]: org.thymeleaf.standard.processor.StandardValueTagProcessor
[THYMELEAF]             * [* {th:xmlbase,data-th-xmlbase}] [1000]: org.thymeleaf.standard.processor.StandardXmlBaseTagProcessor
[THYMELEAF]             * [* {th:xmllang,data-th-xmllang}] [1000]: org.thymeleaf.standard.processor.StandardXmlLangTagProcessor
[THYMELEAF]             * [* {xmlns:th}] [1000]: org.thymeleaf.standard.processor.StandardXmlNsTagProcessor
[THYMELEAF]             * [* {th:xmlspace,data-th-xmlspace}] [1000]: org.thymeleaf.standard.processor.StandardXmlSpaceTagProcessor
[THYMELEAF]             * [* {th:classappend,data-th-classappend}] [1100]: org.thymeleaf.standard.processor.StandardClassappendTagProcessor
[THYMELEAF]             * [* {th:styleappend,data-th-styleappend}] [1100]: org.thymeleaf.standard.processor.StandardStyleappendTagProcessor
[THYMELEAF]             * [* {th:text,data-th-text}] [1300]: org.thymeleaf.standard.processor.StandardTextTagProcessor
[THYMELEAF]             * [* {th:utext,data-th-utext}] [1400]: org.thymeleaf.standard.processor.StandardUtextTagProcessor
[THYMELEAF]             * [* {th:fragment,data-th-fragment}] [1500]: org.thymeleaf.standard.processor.StandardFragmentTagProcessor
[THYMELEAF]             * [* {th:assert,data-th-assert}] [1550]: org.thymeleaf.standard.processor.StandardAssertTagProcessor
[THYMELEAF]             * [* {th:remove,data-th-remove}] [1600]: org.thymeleaf.standard.processor.StandardRemoveTagProcessor
[THYMELEAF]             * [* {th:ref,data-th-ref}] [10000]: org.thymeleaf.standard.processor.StandardRefAttributeTagProcessor
[THYMELEAF]             * [{th:block,th-block} *] [100000]: org.thymeleaf.standard.processor.StandardBlockTagProcessor
[THYMELEAF]             * [* th:*] [2147483647]: org.thymeleaf.standard.processor.StandardDefaultAttributesTagProcessor
[THYMELEAF]         * Text Processors by [precedence]:
[THYMELEAF]             * [1000]: org.thymeleaf.standard.processor.StandardInliningTextProcessor
[THYMELEAF]         * DOCTYPE Processors by [precedence]:
[THYMELEAF]             * [1000]: org.thymeleaf.standard.processor.StandardTranslationDocTypeProcessor
[THYMELEAF]         * CDATA Section Processors by [precedence]:
[THYMELEAF]             * [1000]: org.thymeleaf.standard.processor.StandardInliningCDATASectionProcessor
[THYMELEAF]         * Comment Processors by [precedence]:
[THYMELEAF]             * [1000]: org.thymeleaf.standard.processor.StandardInliningCommentProcessor
[THYMELEAF]             * [1100]: org.thymeleaf.standard.processor.StandardConditionalCommentProcessor
[THYMELEAF]     * Processors for Template Mode: XML
[THYMELEAF]         * Element Tag Processors by [matching element and attribute name] [precedence]:
[THYMELEAF]             * [* {th:include}] [100]: org.thymeleaf.standard.processor.StandardIncludeTagProcessor
[THYMELEAF]             * [* {th:insert}] [100]: org.thymeleaf.standard.processor.StandardInsertTagProcessor
[THYMELEAF]             * [* {th:replace}] [100]: org.thymeleaf.standard.processor.StandardReplaceTagProcessor
[THYMELEAF]             * [* {th:substituteby}] [100]: org.thymeleaf.standard.processor.StandardSubstituteByTagProcessor
[THYMELEAF]             * [* {th:each}] [200]: com.intuit.karate.template.KarateEachTagProcessor
[THYMELEAF]             * [* {th:switch}] [250]: org.thymeleaf.standard.processor.StandardSwitchTagProcessor
[THYMELEAF]             * [* {th:case}] [275]: org.thymeleaf.standard.processor.StandardCaseTagProcessor
[THYMELEAF]             * [* {th:if}] [300]: org.thymeleaf.standard.processor.StandardIfTagProcessor
[THYMELEAF]             * [* {th:unless}] [400]: org.thymeleaf.standard.processor.StandardUnlessTagProcessor
[THYMELEAF]             * [* {th:object}] [500]: org.thymeleaf.standard.processor.StandardObjectTagProcessor
[THYMELEAF]             * [* {th:with}] [600]: com.intuit.karate.template.KarateWithTagProcessor
[THYMELEAF]             * [* {th:attr}] [700]: com.intuit.karate.template.KarateAttributeTagProcessor.KarateAttrTagProcessor
[THYMELEAF]             * [* {th:attrappend}] [900]: com.intuit.karate.template.KarateAttributeTagProcessor.KarateAttrappendTagProcessor
[THYMELEAF]             * [* {th:attrprepend}] [900]: com.intuit.karate.template.KarateAttributeTagProcessor.KarateAttrprependTagProcessor
[THYMELEAF]             * [* {th:inline}] [1000]: org.thymeleaf.standard.processor.StandardInlineXMLTagProcessor
[THYMELEAF]             * [* {xmlns:th}] [1000]: org.thymeleaf.standard.processor.StandardXmlNsTagProcessor
[THYMELEAF]             * [* {th:text}] [1300]: org.thymeleaf.standard.processor.StandardTextTagProcessor
[THYMELEAF]             * [* {th:utext}] [1400]: org.thymeleaf.standard.processor.StandardUtextTagProcessor
[THYMELEAF]             * [* {th:fragment}] [1500]: org.thymeleaf.standard.processor.StandardFragmentTagProcessor
[THYMELEAF]             * [* {th:assert}] [1550]: org.thymeleaf.standard.processor.StandardAssertTagProcessor
[THYMELEAF]             * [* {th:remove}] [1600]: org.thymeleaf.standard.processor.StandardRemoveTagProcessor
[THYMELEAF]             * [* {th:ref}] [10000]: org.thymeleaf.standard.processor.StandardRefAttributeTagProcessor
[THYMELEAF]             * [{th:block} *] [100000]: org.thymeleaf.standard.processor.StandardBlockTagProcessor
[THYMELEAF]             * [* th:*] [2147483647]: org.thymeleaf.standard.processor.StandardDefaultAttributesTagProcessor
[THYMELEAF]         * Text Processors by [precedence]:
[THYMELEAF]             * [1000]: org.thymeleaf.standard.processor.StandardInliningTextProcessor
[THYMELEAF]         * CDATA Section Processors by [precedence]:
[THYMELEAF]             * [1000]: org.thymeleaf.standard.processor.StandardInliningCDATASectionProcessor
[THYMELEAF]         * Comment Processors by [precedence]:
[THYMELEAF]             * [1000]: org.thymeleaf.standard.processor.StandardInliningCommentProcessor
[THYMELEAF]     * Processors for Template Mode: TEXT
[THYMELEAF]         * Element Tag Processors by [matching element and attribute name] [precedence]:
[THYMELEAF]             * [* {th:insert}] [100]: org.thymeleaf.standard.processor.StandardInsertTagProcessor
[THYMELEAF]             * [* {th:replace}] [100]: org.thymeleaf.standard.processor.StandardReplaceTagProcessor
[THYMELEAF]             * [* {th:each}] [200]: com.intuit.karate.template.KarateEachTagProcessor
[THYMELEAF]             * [* {th:switch}] [250]: org.thymeleaf.standard.processor.StandardSwitchTagProcessor
[THYMELEAF]             * [* {th:case}] [275]: org.thymeleaf.standard.processor.StandardCaseTagProcessor
[THYMELEAF]             * [* {th:if}] [300]: org.thymeleaf.standard.processor.StandardIfTagProcessor
[THYMELEAF]             * [* {th:unless}] [400]: org.thymeleaf.standard.processor.StandardUnlessTagProcessor
[THYMELEAF]             * [* {th:object}] [500]: org.thymeleaf.standard.processor.StandardObjectTagProcessor
[THYMELEAF]             * [* {th:with}] [600]: com.intuit.karate.template.KarateWithTagProcessor
[THYMELEAF]             * [* {th:inline}] [1000]: org.thymeleaf.standard.processor.StandardInlineTextualTagProcessor
[THYMELEAF]             * [* {th:text}] [1300]: org.thymeleaf.standard.processor.StandardTextTagProcessor
[THYMELEAF]             * [* {th:utext}] [1400]: org.thymeleaf.standard.processor.StandardUtextTagProcessor
[THYMELEAF]             * [* {th:assert}] [1550]: org.thymeleaf.standard.processor.StandardAssertTagProcessor
[THYMELEAF]             * [* {th:remove}] [1600]: org.thymeleaf.standard.processor.StandardRemoveTagProcessor
[THYMELEAF]             * [* 100000] [org.thymeleaf.standard.processor.StandardBlockTagProcessor]: {}
[THYMELEAF]             * [{th:block} *] [100000]: org.thymeleaf.standard.processor.StandardBlockTagProcessor
[THYMELEAF]         * Text Processors by [precedence]:
[THYMELEAF]             * [1000]: org.thymeleaf.standard.processor.StandardInliningTextProcessor
[THYMELEAF]     * Processors for Template Mode: JAVASCRIPT
[THYMELEAF]         * Element Tag Processors by [matching element and attribute name] [precedence]:
[THYMELEAF]             * [* {th:insert}] [100]: org.thymeleaf.standard.processor.StandardInsertTagProcessor
[THYMELEAF]             * [* {th:replace}] [100]: org.thymeleaf.standard.processor.StandardReplaceTagProcessor
[THYMELEAF]             * [* {th:each}] [200]: com.intuit.karate.template.KarateEachTagProcessor
[THYMELEAF]             * [* {th:switch}] [250]: org.thymeleaf.standard.processor.StandardSwitchTagProcessor
[THYMELEAF]             * [* {th:case}] [275]: org.thymeleaf.standard.processor.StandardCaseTagProcessor
[THYMELEAF]             * [* {th:if}] [300]: org.thymeleaf.standard.processor.StandardIfTagProcessor
[THYMELEAF]             * [* {th:unless}] [400]: org.thymeleaf.standard.processor.StandardUnlessTagProcessor
[THYMELEAF]             * [* {th:object}] [500]: org.thymeleaf.standard.processor.StandardObjectTagProcessor
[THYMELEAF]             * [* {th:with}] [600]: com.intuit.karate.template.KarateWithTagProcessor
[THYMELEAF]             * [* {th:inline}] [1000]: org.thymeleaf.standard.processor.StandardInlineTextualTagProcessor
[THYMELEAF]             * [* {th:text}] [1300]: org.thymeleaf.standard.processor.StandardTextTagProcessor
[THYMELEAF]             * [* {th:utext}] [1400]: org.thymeleaf.standard.processor.StandardUtextTagProcessor
[THYMELEAF]             * [* {th:assert}] [1550]: org.thymeleaf.standard.processor.StandardAssertTagProcessor
[THYMELEAF]             * [* {th:remove}] [1600]: org.thymeleaf.standard.processor.StandardRemoveTagProcessor
[...]
[THYMELEAF]             * [* {th:accept,data-th-accept}] [1000]: org.thymeleaf.standard.processor.StandardRemovableAttributeTagProcessor
[THYMELEAF]             * [* {th:autocomplete,data-th-autocomplete}] [1000]: org.thymeleaf.standard.processor.StandardRemovableAttributeTagProcessor
[THYMELEAF]             * [* {th:form,data-th-form}] [1000]: org.thymeleaf.standard.processor.StandardRemovableAttributeTagProcessor
[THYMELEAF]             * [* {th:border,data-th-border}] [1000]: org.thymeleaf.standard.processor.StandardRemovableAttributeTagProcessor
[THYMELEAF]             * [* {th:pattern,data-th-pattern}] [1000]: org.thymeleaf.standard.processor.StandardRemovableAttributeTagProcessor
[THYMELEAF]             * [* {th:axis,data-th-axis}] [1000]: org.thymeleaf.standard.processor.StandardRemovableAttributeTagProcessor
[THYMELEAF]             * [* {th:alt,data-th-alt}] [1000]: org.thymeleaf.standard.processor.StandardRemovableAttributeTagProcessor
[THYMELEAF]             * [* {th:style,data-th-style}] [1000]: org.thymeleaf.standard.processor.StandardRemovableAttributeTagProcessor
[THYMELEAF]             * [* {th:lang,data-th-lang}] [1000]: org.thymeleaf.standard.processor.StandardRemovableAttributeTagProcessor
[THYMELEAF]             * [* {th:colspan,data-th-colspan}] [1000]: org.thymeleaf.standard.processor.StandardRemovableAttributeTagProcessor
[THYMELEAF]             * [* {th:media,data-th-media}] [1000]: org.thymeleaf.standard.processor.StandardRemovableAttributeTagProcessor
[THYMELEAF]             * [* {th:low,data-th-low}] [1000]: org.thymeleaf.standard.processor.StandardRemovableAttributeTagProcessor
[THYMELEAF]             * [* {th:dropzone,data-th-dropzone}] [1000]: org.thymeleaf.standard.processor.StandardRemovableAttributeTagProcessor
[THYMELEAF]             * [* {th:scheme,data-th-scheme}] [1000]: org.thymeleaf.standard.processor.StandardRemovableAttributeTagProcessor
[THYMELEAF]             * [* {th:preload,data-th-preload}] [1000]: org.thymeleaf.standard.processor.StandardRemovableAttributeTagProcessor
[THYMELEAF]             * [* {th:challenge,data-th-challenge}] [1000]: org.thymeleaf.standard.processor.StandardRemovableAttributeTagProcessor
[THYMELEAF]             * [* {th:high,data-th-high}] [1000]: org.thymeleaf.standard.processor.StandardRemovableAttributeTagProcessor
[THYMELEAF]             * [* {th:label,data-th-label}] [1000]: org.thymeleaf.standard.processor.StandardRemovableAttributeTagProcessor
[THYMELEAF]             * [* {th:class,data-th-class}] [1000]: org.thymeleaf.standard.processor.StandardRemovableAttributeTagProcessor
[THYMELEAF]             * [* {th:formmethod,data-th-formmethod}] [1000]: org.thymeleaf.standard.processor.StandardRemovableAttributeTagProcessor
[THYMELEAF]             * [* {th:longdesc,data-th-longdesc}] [1000]: org.thymeleaf.standard.processor.StandardRemovableAttributeTagProcessor
[THYMELEAF]             * [* {th:draggable,data-th-draggable}] [1000]: org.thymeleaf.standard.processor.StandardRemovableAttributeTagProcessor
[THYMELEAF]             * [* {th:abbr,data-th-abbr}] [1000]: org.thymeleaf.standard.processor.StandardRemovableAttributeTagProcessor
[THYMELEAF]             * [* {th:wrap,data-th-wrap}] [1000]: org.thymeleaf.standard.processor.StandardRemovableAttributeTagProcessor
[THYMELEAF]             * [* {th:spellcheck,data-th-spellcheck}] [1000]: org.thymeleaf.standard.processor.StandardRemovableAttributeTagProcessor
[THYMELEAF]             * [* {th:formenctype,data-th-formenctype}] [1000]: org.thymeleaf.standard.processor.StandardRemovableAttributeTagProcessor
[THYMELEAF]             * [* {th:accesskey,data-th-accesskey}] [1000]: org.thymeleaf.standard.processor.StandardRemovableAttributeTagProcessor
[THYMELEAF]             * [* {th:valuetype,data-th-valuetype}] [1000]: org.thymeleaf.standard.processor.StandardRemovableAttributeTagProcessor
[THYMELEAF]             * [* {th:datetime,data-th-datetime}] [1000]: org.thymeleaf.standard.processor.StandardRemovableAttributeTagProcessor
[THYMELEAF]             * [* {th:kind,data-th-kind}] [1000]: org.thymeleaf.standard.processor.StandardRemovableAttributeTagProcessor
[THYMELEAF]             * [* {th:list,data-th-list}] [1000]: org.thymeleaf.standard.processor.StandardRemovableAttributeTagProcessor
[THYMELEAF]             * [* {th:sizes,data-th-sizes}] [1000]: org.thymeleaf.standard.processor.StandardRemovableAttributeTagProcessor
[THYMELEAF]             * [* {th:maxlength,data-th-maxlength}] [1000]: org.thymeleaf.standard.processor.StandardRemovableAttributeTagProcessor
[THYMELEAF]             * [* {th:optimum,data-th-optimum}] [1000]: org.thymeleaf.standard.processor.StandardRemovableAttributeTagProcessor
[THYMELEAF]             * [* {th:srclang,data-th-srclang}] [1000]: org.thymeleaf.standard.processor.StandardRemovableAttributeTagProcessor
[THYMELEAF]             * [* {th:charset,data-th-charset}] [1000]: org.thymeleaf.standard.processor.StandardRemovableAttributeTagProcessor
[THYMELEAF]             * [* {th:bgcolor,data-th-bgcolor}] [1000]: org.thymeleaf.standard.processor.StandardRemovableAttributeTagProcessor
[THYMELEAF]             * [* {th:classid,data-th-classid}] [1000]: org.thymeleaf.standard.processor.StandardRemovableAttributeTagProcessor
[THYMELEAF]             * [* {th:src,data-th-src}] [1000]: org.thymeleaf.standard.processor.StandardSrcTagProcessor
[THYMELEAF]             * [* {th:value,data-th-value}] [1000]: org.thymeleaf.standard.processor.StandardValueTagProcessor
[THYMELEAF]             * [* {th:xmlbase,data-th-xmlbase}] [1000]: org.thymeleaf.standard.processor.StandardXmlBaseTagProcessor
[THYMELEAF]             * [* {th:xmllang,data-th-xmllang}] [1000]: org.thymeleaf.standard.processor.StandardXmlLangTagProcessor
[THYMELEAF]             * [* {xmlns:th}] [1000]: org.thymeleaf.standard.processor.StandardXmlNsTagProcessor
[THYMELEAF]             * [* {th:xmlspace,data-th-xmlspace}] [1000]: org.thymeleaf.standard.processor.StandardXmlSpaceTagProcessor
[THYMELEAF]             * [* {th:classappend,data-th-classappend}] [1100]: org.thymeleaf.standard.processor.StandardClassappendTagProcessor
[THYMELEAF]             * [* {th:styleappend,data-th-styleappend}] [1100]: org.thymeleaf.standard.processor.StandardStyleappendTagProcessor
[THYMELEAF]             * [* {th:text,data-th-text}] [1300]: org.thymeleaf.standard.processor.StandardTextTagProcessor
[THYMELEAF]             * [* {th:utext,data-th-utext}] [1400]: org.thymeleaf.standard.processor.StandardUtextTagProcessor
[THYMELEAF]             * [* {th:fragment,data-th-fragment}] [1500]: org.thymeleaf.standard.processor.StandardFragmentTagProcessor
[THYMELEAF]             * [* {th:assert,data-th-assert}] [1550]: org.thymeleaf.standard.processor.StandardAssertTagProcessor
[THYMELEAF]             * [* {th:remove,data-th-remove}] [1600]: org.thymeleaf.standard.processor.StandardRemoveTagProcessor
[THYMELEAF]             * [* {th:ref,data-th-ref}] [10000]: org.thymeleaf.standard.processor.StandardRefAttributeTagProcessor
[THYMELEAF]             * [{th:block,th-block} *] [100000]: org.thymeleaf.standard.processor.StandardBlockTagProcessor
[THYMELEAF]             * [* th:*] [2147483647]: org.thymeleaf.standard.processor.StandardDefaultAttributesTagProcessor
[THYMELEAF]         * Text Processors by [precedence]:
[THYMELEAF]             * [1000]: org.thymeleaf.standard.processor.StandardInliningTextProcessor
[THYMELEAF]         * DOCTYPE Processors by [precedence]:
[THYMELEAF]             * [1000]: org.thymeleaf.standard.processor.StandardTranslationDocTypeProcessor
[THYMELEAF]         * CDATA Section Processors by [precedence]:
[THYMELEAF]             * [1000]: org.thymeleaf.standard.processor.StandardInliningCDATASectionProcessor
[THYMELEAF]         * Comment Processors by [precedence]:
[THYMELEAF]             * [1000]: org.thymeleaf.standard.processor.StandardInliningCommentProcessor
[THYMELEAF]             * [1100]: org.thymeleaf.standard.processor.StandardConditionalCommentProcessor
[THYMELEAF]     * Processors for Template Mode: XML
[THYMELEAF]         * Element Tag Processors by [matching element and attribute name] [precedence]:
[THYMELEAF]             * [* {th:include}] [100]: org.thymeleaf.standard.processor.StandardIncludeTagProcessor
[THYMELEAF]             * [* {th:insert}] [100]: org.thymeleaf.standard.processor.StandardInsertTagProcessor
[THYMELEAF]             * [* {th:replace}] [100]: org.thymeleaf.standard.processor.StandardReplaceTagProcessor
[THYMELEAF]             * [* {th:substituteby}] [100]: org.thymeleaf.standard.processor.StandardSubstituteByTagProcessor
[THYMELEAF]             * [* {th:each}] [200]: com.intuit.karate.template.KarateEachTagProcessor
[THYMELEAF]             * [* {th:switch}] [250]: org.thymeleaf.standard.processor.StandardSwitchTagProcessor
[THYMELEAF]             * [* {th:case}] [275]: org.thymeleaf.standard.processor.StandardCaseTagProcessor
[THYMELEAF]             * [* {th:if}] [300]: org.thymeleaf.standard.processor.StandardIfTagProcessor
[THYMELEAF]             * [* {th:unless}] [400]: org.thymeleaf.standard.processor.StandardUnlessTagProcessor
[THYMELEAF]             * [* {th:object}] [500]: org.thymeleaf.standard.processor.StandardObjectTagProcessor
[THYMELEAF]             * [* {th:with}] [600]: com.intuit.karate.template.KarateWithTagProcessor
[THYMELEAF]             * [* {th:attr}] [700]: com.intuit.karate.template.KarateAttributeTagProcessor.KarateAttrTagProcessor
[THYMELEAF]             * [* {th:attrappend}] [900]: com.intuit.karate.template.KarateAttributeTagProcessor.KarateAttrappendTagProcessor
[THYMELEAF]             * [* {th:attrprepend}] [900]: com.intuit.karate.template.KarateAttributeTagProcessor.KarateAttrprependTagProcessor
[THYMELEAF]             * [* {th:inline}] [1000]: org.thymeleaf.standard.processor.StandardInlineXMLTagProcessor
[THYMELEAF]             * [* {xmlns:th}] [1000]: org.thymeleaf.standard.processor.StandardXmlNsTagProcessor
[THYMELEAF]             * [* {th:text}] [1300]: org.thymeleaf.standard.processor.StandardTextTagProcessor
[THYMELEAF]             * [* {th:utext}] [1400]: org.thymeleaf.standard.processor.StandardUtextTagProcessor
[THYMELEAF]             * [* {th:fragment}] [1500]: org.thymeleaf.standard.processor.StandardFragmentTagProcessor
[THYMELEAF]             * [* {th:assert}] [1550]: org.thymeleaf.standard.processor.StandardAssertTagProcessor
[THYMELEAF]             * [* {th:remove}] [1600]: org.thymeleaf.standard.processor.StandardRemoveTagProcessor
[THYMELEAF]             * [* {th:ref}] [10000]: org.thymeleaf.standard.processor.StandardRefAttributeTagProcessor
[THYMELEAF]             * [{th:block} *] [100000]: org.thymeleaf.standard.processor.StandardBlockTagProcessor
[THYMELEAF]             * [* th:*] [2147483647]: org.thymeleaf.standard.processor.StandardDefaultAttributesTagProcessor
[THYMELEAF]         * Text Processors by [precedence]:
[THYMELEAF]             * [1000]: org.thymeleaf.standard.processor.StandardInliningTextProcessor
[THYMELEAF]         * CDATA Section Processors by [precedence]:
[THYMELEAF]             * [1000]: org.thymeleaf.standard.processor.StandardInliningCDATASectionProcessor
[THYMELEAF]         * Comment Processors by [precedence]:
[THYMELEAF]             * [1000]: org.thymeleaf.standard.processor.StandardInliningCommentProcessor
[THYMELEAF]     * Processors for Template Mode: TEXT
[THYMELEAF]         * Element Tag Processors by [matching element and attribute name] [precedence]:
[THYMELEAF]             * [* {th:insert}] [100]: org.thymeleaf.standard.processor.StandardInsertTagProcessor
[THYMELEAF]             * [* {th:replace}] [100]: org.thymeleaf.standard.processor.StandardReplaceTagProcessor
[THYMELEAF]             * [* {th:each}] [200]: com.intuit.karate.template.KarateEachTagProcessor
[THYMELEAF]             * [* {th:switch}] [250]: org.thymeleaf.standard.processor.StandardSwitchTagProcessor
[THYMELEAF]             * [* {th:case}] [275]: org.thymeleaf.standard.processor.StandardCaseTagProcessor
[THYMELEAF]             * [* {th:if}] [300]: org.thymeleaf.standard.processor.StandardIfTagProcessor
[THYMELEAF]             * [* {th:unless}] [400]: org.thymeleaf.standard.processor.StandardUnlessTagProcessor
[THYMELEAF]             * [* {th:object}] [500]: org.thymeleaf.standard.processor.StandardObjectTagProcessor
[THYMELEAF]             * [* {th:with}] [600]: com.intuit.karate.template.KarateWithTagProcessor
[THYMELEAF]             * [* {th:inline}] [1000]: org.thymeleaf.standard.processor.StandardInlineTextualTagProcessor
[THYMELEAF]             * [* {th:text}] [1300]: org.thymeleaf.standard.processor.StandardTextTagProcessor
[THYMELEAF]             * [* {th:utext}] [1400]: org.thymeleaf.standard.processor.StandardUtextTagProcessor
[THYMELEAF]             * [* {th:assert}] [1550]: org.thymeleaf.standard.processor.StandardAssertTagProcessor
[THYMELEAF]             * [* {th:remove}] [1600]: org.thymeleaf.standard.processor.StandardRemoveTagProcessor
[THYMELEAF]             * [* 100000] [org.thymeleaf.standard.processor.StandardBlockTagProcessor]: {}
[THYMELEAF]             * [{th:block} *] [100000]: org.thymeleaf.standard.processor.StandardBlockTagProcessor
[THYMELEAF]         * Text Processors by [precedence]:
[THYMELEAF]             * [1000]: org.thymeleaf.standard.processor.StandardInliningTextProcessor
[THYMELEAF]     * Processors for Template Mode: JAVASCRIPT
[THYMELEAF]         * Element Tag Processors by [matching element and attribute name] [precedence]:
[THYMELEAF]             * [* {th:insert}] [100]: org.thymeleaf.standard.processor.StandardInsertTagProcessor
[THYMELEAF]             * [* {th:replace}] [100]: org.thymeleaf.standard.processor.StandardReplaceTagProcessor
[THYMELEAF]             * [* {th:each}] [200]: com.intuit.karate.template.KarateEachTagProcessor
[THYMELEAF]             * [* {th:switch}] [250]: org.thymeleaf.standard.processor.StandardSwitchTagProcessor
[THYMELEAF]             * [* {th:case}] [275]: org.thymeleaf.standard.processor.StandardCaseTagProcessor
[THYMELEAF]             * [* {th:if}] [300]: org.thymeleaf.standard.processor.StandardIfTagProcessor
[THYMELEAF]             * [* {th:unless}] [400]: org.thymeleaf.standard.processor.StandardUnlessTagProcessor
[THYMELEAF]             * [* {th:object}] [500]: org.thymeleaf.standard.processor.StandardObjectTagProcessor
[THYMELEAF]             * [* {th:with}] [600]: com.intuit.karate.template.KarateWithTagProcessor
[THYMELEAF]             * [* {th:inline}] [1000]: org.thymeleaf.standard.processor.StandardInlineTextualTagProcessor
[THYMELEAF]             * [* {th:text}] [1300]: org.thymeleaf.standard.processor.StandardTextTagProcessor
[THYMELEAF]             * [* {th:utext}] [1400]: org.thymeleaf.standard.processor.StandardUtextTagProcessor
[THYMELEAF]             * [* {th:assert}] [1550]: org.thymeleaf.standard.processor.StandardAssertTagProcessor
[THYMELEAF]             * [* {th:remove}] [1600]: org.thymeleaf.standard.processor.StandardRemoveTagProcessor
[THYMELEAF]             * [* 100000] [org.thymeleaf.standard.processor.StandardBlockTagProcessor]: {}
[THYMELEAF]             * [{th:block} *] [100000]: org.thymeleaf.standard.processor.StandardBlockTagProcessor
[THYMELEAF]         * Text Processors by [precedence]:
[THYMELEAF]             * [1000]: org.thymeleaf.standard.processor.StandardInliningTextProcessor
[THYMELEAF]     * Processors for Template Mode: CSS
[THYMELEAF]         * Element Tag Processors by [matching element and attribute name] [precedence]:
[THYMELEAF]             * [* {th:insert}] [100]: org.thymeleaf.standard.processor.StandardInsertTagProcessor
[THYMELEAF]             * [* {th:replace}] [100]: org.thymeleaf.standard.processor.StandardReplaceTagProcessor
[THYMELEAF]             * [* {th:each}] [200]: com.intuit.karate.template.KarateEachTagProcessor
[THYMELEAF]             * [* {th:switch}] [250]: org.thymeleaf.standard.processor.StandardSwitchTagProcessor
[THYMELEAF]             * [* {th:case}] [275]: org.thymeleaf.standard.processor.StandardCaseTagProcessor
[THYMELEAF]             * [* {th:if}] [300]: org.thymeleaf.standard.processor.StandardIfTagProcessor
[THYMELEAF]             * [* {th:unless}] [400]: org.thymeleaf.standard.processor.StandardUnlessTagProcessor
[THYMELEAF]             * [* {th:object}] [500]: org.thymeleaf.standard.processor.StandardObjectTagProcessor
[THYMELEAF]             * [* {th:with}] [600]: com.intuit.karate.template.KarateWithTagProcessor
[THYMELEAF]             * [* {th:inline}] [1000]: org.thymeleaf.standard.processor.StandardInlineTextualTagProcessor
[THYMELEAF]             * [* {th:text}] [1300]: org.thymeleaf.standard.processor.StandardTextTagProcessor
[THYMELEAF]             * [* {th:utext}] [1400]: org.thymeleaf.standard.processor.StandardUtextTagProcessor
[THYMELEAF]             * [* {th:assert}] [1550]: org.thymeleaf.standard.processor.StandardAssertTagProcessor
[THYMELEAF]             * [* {th:remove}] [1600]: org.thymeleaf.standard.processor.StandardRemoveTagProcessor
[THYMELEAF]             * [{th:block} *] [100000]: org.thymeleaf.standard.processor.StandardBlockTagProcessor
[THYMELEAF]             * [* 100000] [org.thymeleaf.standard.processor.StandardBlockTagProcessor]: {}
[THYMELEAF]         * Text Processors by [precedence]:
[THYMELEAF]             * [1000]: org.thymeleaf.standard.processor.StandardInliningTextProcessor
[THYMELEAF]     * Expression Objects:
[THYMELEAF]         * #ctx
[THYMELEAF]         * #root
[THYMELEAF]         * #vars
[THYMELEAF]         * #object
[THYMELEAF]         * #locale
[THYMELEAF]         * #request
[THYMELEAF]         * #response
[THYMELEAF]         * #session
[THYMELEAF]         * #servletContext
[THYMELEAF]         * #conversions
[THYMELEAF]         * #uris
[THYMELEAF]         * #calendars
[THYMELEAF]         * #dates
[THYMELEAF]         * #bools
[THYMELEAF]         * #numbers
[THYMELEAF]         * #objects
[THYMELEAF]         * #strings
[THYMELEAF]         * #arrays
[THYMELEAF]         * #lists
[THYMELEAF]         * #sets
[THYMELEAF]         * #maps
[THYMELEAF]         * #aggregates
[THYMELEAF]         * #messages
[THYMELEAF]         * #ids
[THYMELEAF]         * #execInfo
[THYMELEAF]         * #httpServletRequest
[THYMELEAF]         * #httpSession
[THYMELEAF]     * Execution Attributes:
[THYMELEAF]         * "StandardExpressionParser": com.intuit.karate.template.KarateStandardDialect@48ccbb32
[THYMELEAF]         * "StandardJavaScriptSerializer": org.thymeleaf.standard.serializer.StandardJavaScriptSerializer@54f2df29
[THYMELEAF]         * "StandardCSSSerializer": org.thymeleaf.standard.serializer.StandardCSSSerializer@6df791a4
[THYMELEAF]         * "StandardVariableExpressionEvaluator": com.intuit.karate.template.KarateStandardDialect@48ccbb32
[THYMELEAF]         * "StandardConversionService": org.thymeleaf.standard.expression.StandardConversionService@655203e3
[THYMELEAF] * Dialect [2 of 2]: karate (com.intuit.karate.template.KarateScriptDialect)
[THYMELEAF]     * Prefix: "ka"
[THYMELEAF]     * Processors for Template Mode: HTML
[THYMELEAF]         * Element Tag Processors by [matching element and attribute name] [precedence]:
[THYMELEAF]             * [* {src}] [1000]: com.intuit.karate.template.KaScriptAttrProcessor
[THYMELEAF]         * Element Model Processors by [matching element and attribute name] [precedence]:
[THYMELEAF]             * [{script} {ka:scope,data-ka-scope}] [1000]: com.intuit.karate.template.KaScriptElemProcessor
[THYMELEAF]             * [* {ka:set,data-ka-set}] [1000]: com.intuit.karate.template.KaSetElemProcessor
[THYMELEAF] TEMPLATE ENGINE CONFIGURED OK
14:08:00.344 [main] DEBUG org.thymeleaf.TemplateEngine - [THYMELEAF] TEMPLATE ENGINE INITIALIZED

HTML report: (paste into browser to view) | Karate version: 1.3.0
file:///Users/tonyquach/Documents/karate-tests/target/karate-reports/karate-summary.html
===================================================================

]]></system-out>
  </testcase>
</testsuite>