<?xml version="1.0" encoding="UTF-8"?>
<testsuite xmlns:xsi="http://www.w3.org/2001/XMLSchema-instance" xsi:noNamespaceSchemaLocation="https://maven.apache.org/surefire/maven-surefire-plugin/xsd/surefire-test-report-3.0.xsd" version="3.0" name="com.example.ApiTest" time="0.292" tests="1" errors="1" skipped="0" failures="0">
  <properties>
[...]
</properties>
  <testcase name="testAll" classname="com.example.ApiTest" time="0.281">
    <error type="java.lang.RuntimeException"><![CDATA[java.lang.RuntimeException: mismatched input '<EOF>' expecting {FEATURE_TAGS, FEATURE}
]]></error>
    <system-out><![CDATA[14:35:07.829 [main] ERROR com.intuit.karate.core.FeatureParser - not a valid feature file: features/api-test.feature - mismatched input '<EOF>' expecting {FEATURE_TAGS, FEATURE}
]]></system-out>
    <system-err><![CDATA[line 25:0 mismatched input '<EOF>' expecting {FEATURE_TAGS, FEATURE}
]]></system-err>
  </testcase>
</testsuite>